ARM GAS  c:\Tmp\cckhUzw7.s 			page 1


   1              		.syntax unified
   2              		.cpu cortex-m4
   3              		.eabi_attribute 27, 3
   4              		.eabi_attribute 28, 1
   5              		.fpu fpv4-sp-d16
   6              		.eabi_attribute 20, 1
   7              		.eabi_attribute 21, 1
   8              		.eabi_attribute 23, 3
   9              		.eabi_attribute 24, 1
  10              		.eabi_attribute 25, 1
  11              		.eabi_attribute 26, 1
  12              		.eabi_attribute 30, 6
  13              		.eabi_attribute 34, 1
  14              		.eabi_attribute 18, 4
  15              		.thumb
  16              		.file	"encoder.c"
  17              		.text
  18              	.Ltext0:
  19              		.cfi_sections	.debug_frame
  20              		.global	count
  21              		.section	.bss.count,"aw",%nobits
  22              		.align	2
  23              		.type	count, %object
  24              		.size	count, 4
  25              	count:
  26 0000 00000000 		.space	4
  27              		.section	.text.initEncoder,"ax",%progbits
  28              		.align	2
  29              		.p2align 4,,15
  30              		.global	initEncoder
  31              		.thumb
  32              		.thumb_func
  33              		.type	initEncoder, %function
  34              	initEncoder:
  35              	.LFB118:
  36              		.file 1 "encoder.c"
  37              		.loc 1 9 0
  38              		.cfi_startproc
  39              		@ args = 0, pretend = 0, frame = 0
  40              		@ frame_needed = 0, uses_anonymous_args = 0
  41 0000 08B5     		push	{r3, lr}
  42              		.cfi_def_cfa_offset 8
  43              		.cfi_offset 3, -8
  44              		.cfi_offset 14, -4
  45              		.loc 1 11 0
  46 0002 1F4B     		ldr	r3, .L2
  47 0004 1E4A     		ldr	r2, .L2
  48 0006 1268     		ldr	r2, [r2]
  49 0008 22F0CC02 		bic	r2, r2, #204
  50 000c 1A60     		str	r2, [r3]
  51              		.loc 1 13 0
  52 000e 1C4B     		ldr	r3, .L2
  53 0010 1B4A     		ldr	r2, .L2
  54 0012 D268     		ldr	r2, [r2, #12]
  55 0014 42F04402 		orr	r2, r2, #68
  56 0018 DA60     		str	r2, [r3, #12]
  57              		.loc 1 14 0
ARM GAS  c:\Tmp\cckhUzw7.s 			page 2


  58 001a 194B     		ldr	r3, .L2
  59 001c 184A     		ldr	r2, .L2
  60 001e D268     		ldr	r2, [r2, #12]
  61 0020 22F08802 		bic	r2, r2, #136
  62 0024 DA60     		str	r2, [r3, #12]
  63              		.loc 1 17 0
  64 0026 174B     		ldr	r3, .L2+4
  65 0028 164A     		ldr	r2, .L2+4
  66 002a 526C     		ldr	r2, [r2, #68]
  67 002c 42F48042 		orr	r2, r2, #16384
  68 0030 5A64     		str	r2, [r3, #68]
  69              		.loc 1 20 0
  70 0032 154A     		ldr	r2, .L2+8
  71 0034 144B     		ldr	r3, .L2+8
  72 0036 9B68     		ldr	r3, [r3, #8]
  73 0038 23F47043 		bic	r3, r3, #61440
  74 003c 23F0F003 		bic	r3, r3, #240
  75 0040 9360     		str	r3, [r2, #8]
  76              		.loc 1 23 0
  77 0042 124B     		ldr	r3, .L2+12
  78 0044 114A     		ldr	r2, .L2+12
  79 0046 9268     		ldr	r2, [r2, #8]
  80 0048 42F00A02 		orr	r2, r2, #10
  81 004c 9A60     		str	r2, [r3, #8]
  82              		.loc 1 24 0
  83 004e 0F4B     		ldr	r3, .L2+12
  84 0050 0E4A     		ldr	r2, .L2+12
  85 0052 D268     		ldr	r2, [r2, #12]
  86 0054 42F00A02 		orr	r2, r2, #10
  87 0058 DA60     		str	r2, [r3, #12]
  88              		.loc 1 27 0
  89 005a 0C4B     		ldr	r3, .L2+12
  90 005c 0A22     		movs	r2, #10
  91 005e 5A61     		str	r2, [r3, #20]
  92              		.loc 1 30 0
  93 0060 0A4B     		ldr	r3, .L2+12
  94 0062 0A4A     		ldr	r2, .L2+12
  95 0064 1268     		ldr	r2, [r2]
  96 0066 42F00202 		orr	r2, r2, #2
  97 006a 1A60     		str	r2, [r3]
  98              		.loc 1 33 0
  99 006c 0720     		movs	r0, #7
 100 006e 6021     		movs	r1, #96
 101 0070 FFF7FEFF 		bl	nvicEnableVector
 102              		.loc 1 34 0
 103 0074 0920     		movs	r0, #9
 104 0076 6021     		movs	r1, #96
 105 0078 FFF7FEFF 		bl	nvicEnableVector
 106              		.loc 1 35 0
 107 007c 08BD     		pop	{r3, pc}
 108              	.L3:
 109 007e 00BF     		.align	2
 110              	.L2:
 111 0080 00000240 		.word	1073872896
 112 0084 00380240 		.word	1073887232
 113 0088 00380140 		.word	1073821696
 114 008c 003C0140 		.word	1073822720
ARM GAS  c:\Tmp\cckhUzw7.s 			page 3


 115              		.cfi_endproc
 116              	.LFE118:
 117              		.size	initEncoder, .-initEncoder
 118              		.section	.text.Vector5C,"ax",%progbits
 119              		.align	2
 120              		.p2align 4,,15
 121              		.global	Vector5C
 122              		.thumb
 123              		.thumb_func
 124              		.type	Vector5C, %function
 125              	Vector5C:
 126              	.LFB119:
 127              		.loc 1 38 0
 128              		.cfi_startproc
 129              		@ args = 0, pretend = 0, frame = 0
 130              		@ frame_needed = 0, uses_anonymous_args = 0
 131 0000 08B5     		push	{r3, lr}
 132              		.cfi_def_cfa_offset 8
 133              		.cfi_offset 3, -8
 134              		.cfi_offset 14, -4
 135              		.loc 1 42 0
 136 0002 164B     		ldr	r3, .L7
 137 0004 154A     		ldr	r2, .L7
 138 0006 1268     		ldr	r2, [r2]
 139 0008 22F00202 		bic	r2, r2, #2
 140 000c 1A60     		str	r2, [r3]
 141              		.loc 1 45 0
 142 000e 134B     		ldr	r3, .L7
 143 0010 0222     		movs	r2, #2
 144 0012 5A61     		str	r2, [r3, #20]
 145              		.loc 1 47 0
 146 0014 124B     		ldr	r3, .L7+4
 147 0016 1B69     		ldr	r3, [r3, #16]
 148 0018 03F00203 		and	r3, r3, #2
 149 001c 002B     		cmp	r3, #0
 150 001e 10D1     		bne	.L5
 151              		.loc 1 48 0
 152 0020 0F4B     		ldr	r3, .L7+4
 153 0022 1B69     		ldr	r3, [r3, #16]
 154 0024 03F00803 		and	r3, r3, #8
 155 0028 002B     		cmp	r3, #0
 156 002a 05D0     		beq	.L6
 157              		.loc 1 48 0 is_stmt 0 discriminator 1
 158 002c 0D4B     		ldr	r3, .L7+8
 159 002e 1B68     		ldr	r3, [r3]
 160 0030 5A1C     		adds	r2, r3, #1
 161 0032 0C4B     		ldr	r3, .L7+8
 162 0034 1A60     		str	r2, [r3]
 163 0036 04E0     		b	.L5
 164              	.L6:
 165              		.loc 1 49 0 is_stmt 1
 166 0038 0A4B     		ldr	r3, .L7+8
 167 003a 1B68     		ldr	r3, [r3]
 168 003c 5A1E     		subs	r2, r3, #1
 169 003e 094B     		ldr	r3, .L7+8
 170 0040 1A60     		str	r2, [r3]
 171              	.L5:
ARM GAS  c:\Tmp\cckhUzw7.s 			page 4


 172              		.loc 1 53 0
 173 0042 064B     		ldr	r3, .L7
 174 0044 054A     		ldr	r2, .L7
 175 0046 1268     		ldr	r2, [r2]
 176 0048 42F00802 		orr	r2, r2, #8
 177 004c 1A60     		str	r2, [r3]
 178              		.loc 1 56 0
 179 004e 034B     		ldr	r3, .L7
 180 0050 0822     		movs	r2, #8
 181 0052 5A61     		str	r2, [r3, #20]
 182              		.loc 1 58 0
 183 0054 FFF7FEFF 		bl	_port_irq_epilogue
 184              		.loc 1 59 0
 185 0058 08BD     		pop	{r3, pc}
 186              	.L8:
 187 005a 00BF     		.align	2
 188              	.L7:
 189 005c 003C0140 		.word	1073822720
 190 0060 00000240 		.word	1073872896
 191 0064 00000000 		.word	count
 192              		.cfi_endproc
 193              	.LFE119:
 194              		.size	Vector5C, .-Vector5C
 195 0068 AFF30080 		.section	.text.Vector64,"ax",%progbits
 195      AFF30080 
 196              		.align	2
 197              		.p2align 4,,15
 198              		.global	Vector64
 199              		.thumb
 200              		.thumb_func
 201              		.type	Vector64, %function
 202              	Vector64:
 203              	.LFB120:
 204              		.loc 1 62 0
 205              		.cfi_startproc
 206              		@ args = 0, pretend = 0, frame = 0
 207              		@ frame_needed = 0, uses_anonymous_args = 0
 208 0000 08B5     		push	{r3, lr}
 209              		.cfi_def_cfa_offset 8
 210              		.cfi_offset 3, -8
 211              		.cfi_offset 14, -4
 212              		.loc 1 66 0
 213 0002 0A4B     		ldr	r3, .L10
 214 0004 094A     		ldr	r2, .L10
 215 0006 1268     		ldr	r2, [r2]
 216 0008 22F00802 		bic	r2, r2, #8
 217 000c 1A60     		str	r2, [r3]
 218              		.loc 1 69 0
 219 000e 074B     		ldr	r3, .L10
 220 0010 0822     		movs	r2, #8
 221 0012 5A61     		str	r2, [r3, #20]
 222              		.loc 1 77 0
 223 0014 054B     		ldr	r3, .L10
 224 0016 054A     		ldr	r2, .L10
 225 0018 1268     		ldr	r2, [r2]
 226 001a 42F00202 		orr	r2, r2, #2
 227 001e 1A60     		str	r2, [r3]
ARM GAS  c:\Tmp\cckhUzw7.s 			page 5


 228              		.loc 1 80 0
 229 0020 024B     		ldr	r3, .L10
 230 0022 0222     		movs	r2, #2
 231 0024 5A61     		str	r2, [r3, #20]
 232              		.loc 1 82 0
 233 0026 FFF7FEFF 		bl	_port_irq_epilogue
 234              		.loc 1 83 0
 235 002a 08BD     		pop	{r3, pc}
 236              	.L11:
 237              		.align	2
 238              	.L10:
 239 002c 003C0140 		.word	1073822720
 240              		.cfi_endproc
 241              	.LFE120:
 242              		.size	Vector64, .-Vector64
 243              		.text
 244              	.Letext0:
 245              		.file 2 "c:\\stm32v2\\gnu-arm\\arm-none-eabi\\include\\machine\\_default_types.h"
 246              		.file 3 "c:\\stm32v2\\gnu-arm\\arm-none-eabi\\include\\stdint.h"
 247              		.file 4 "C:/STM32v2/ChibiOS_2.6.2/os/hal/platforms/STM32F4xx/stm32f4xx.h"
 248              		.file 5 "C:/STM32v2/ChibiOS_2.6.2/os/hal/platforms/STM32/GPIOv2/pal_lld.h"
 249              		.file 6 "C:/STM32v2/ChibiOS_2.6.2/os/ports/common/ARMCMx/CMSIS/include/core_cm4.h"
 250              		.section	.debug_info,"",%progbits
 251              	.Ldebug_info0:
 252 0000 B5060000 		.4byte	0x6b5
 253 0004 0400     		.2byte	0x4
 254 0006 00000000 		.4byte	.Ldebug_abbrev0
 255 000a 04       		.byte	0x4
 256 000b 01       		.uleb128 0x1
 257 000c 17040000 		.4byte	.LASF162
 258 0010 01       		.byte	0x1
 259 0011 78050000 		.4byte	.LASF163
 260 0015 E0060000 		.4byte	.LASF164
 261 0019 00000000 		.4byte	.Ldebug_ranges0+0
 262 001d 00000000 		.4byte	0
 263 0021 00000000 		.4byte	.Ldebug_line0
 264 0025 02       		.uleb128 0x2
 265 0026 04       		.byte	0x4
 266 0027 05       		.byte	0x5
 267 0028 696E7400 		.ascii	"int\000"
 268 002c 03       		.uleb128 0x3
 269 002d 04       		.byte	0x4
 270 002e 07       		.byte	0x7
 271 002f 2B020000 		.4byte	.LASF0
 272 0033 03       		.uleb128 0x3
 273 0034 01       		.byte	0x1
 274 0035 06       		.byte	0x6
 275 0036 16010000 		.4byte	.LASF1
 276 003a 03       		.uleb128 0x3
 277 003b 01       		.byte	0x1
 278 003c 08       		.byte	0x8
 279 003d 44060000 		.4byte	.LASF2
 280 0041 03       		.uleb128 0x3
 281 0042 02       		.byte	0x2
 282 0043 05       		.byte	0x5
 283 0044 8E060000 		.4byte	.LASF3
 284 0048 04       		.uleb128 0x4
ARM GAS  c:\Tmp\cckhUzw7.s 			page 6


 285 0049 4F070000 		.4byte	.LASF5
 286 004d 02       		.byte	0x2
 287 004e 26       		.byte	0x26
 288 004f 53000000 		.4byte	0x53
 289 0053 03       		.uleb128 0x3
 290 0054 02       		.byte	0x2
 291 0055 07       		.byte	0x7
 292 0056 D8020000 		.4byte	.LASF4
 293 005a 04       		.uleb128 0x4
 294 005b 9D070000 		.4byte	.LASF6
 295 005f 02       		.byte	0x2
 296 0060 37       		.byte	0x37
 297 0061 65000000 		.4byte	0x65
 298 0065 03       		.uleb128 0x3
 299 0066 04       		.byte	0x4
 300 0067 05       		.byte	0x5
 301 0068 5E010000 		.4byte	.LASF7
 302 006c 04       		.uleb128 0x4
 303 006d 00020000 		.4byte	.LASF8
 304 0071 02       		.byte	0x2
 305 0072 38       		.byte	0x38
 306 0073 77000000 		.4byte	0x77
 307 0077 03       		.uleb128 0x3
 308 0078 04       		.byte	0x4
 309 0079 07       		.byte	0x7
 310 007a 8D020000 		.4byte	.LASF9
 311 007e 03       		.uleb128 0x3
 312 007f 08       		.byte	0x8
 313 0080 05       		.byte	0x5
 314 0081 08010000 		.4byte	.LASF10
 315 0085 03       		.uleb128 0x3
 316 0086 08       		.byte	0x8
 317 0087 07       		.byte	0x7
 318 0088 8A000000 		.4byte	.LASF11
 319 008c 04       		.uleb128 0x4
 320 008d 4A020000 		.4byte	.LASF12
 321 0091 03       		.byte	0x3
 322 0092 36       		.byte	0x36
 323 0093 48000000 		.4byte	0x48
 324 0097 04       		.uleb128 0x4
 325 0098 3C060000 		.4byte	.LASF13
 326 009c 03       		.byte	0x3
 327 009d 41       		.byte	0x41
 328 009e 5A000000 		.4byte	0x5a
 329 00a2 04       		.uleb128 0x4
 330 00a3 09070000 		.4byte	.LASF14
 331 00a7 03       		.byte	0x3
 332 00a8 42       		.byte	0x42
 333 00a9 6C000000 		.4byte	0x6c
 334 00ad 03       		.uleb128 0x3
 335 00ae 01       		.byte	0x1
 336 00af 02       		.byte	0x2
 337 00b0 36060000 		.4byte	.LASF15
 338 00b4 05       		.uleb128 0x5
 339 00b5 A2000000 		.4byte	0xa2
 340 00b9 03       		.uleb128 0x3
 341 00ba 04       		.byte	0x4
ARM GAS  c:\Tmp\cckhUzw7.s 			page 7


 342 00bb 07       		.byte	0x7
 343 00bc AF030000 		.4byte	.LASF16
 344 00c0 03       		.uleb128 0x3
 345 00c1 01       		.byte	0x1
 346 00c2 08       		.byte	0x8
 347 00c3 40070000 		.4byte	.LASF17
 348 00c7 06       		.uleb128 0x6
 349 00c8 A1030000 		.4byte	.LASF165
 350 00cc 01       		.byte	0x1
 351 00cd 04       		.byte	0x4
 352 00ce AA       		.byte	0xaa
 353 00cf 02030000 		.4byte	0x302
 354 00d3 07       		.uleb128 0x7
 355 00d4 89070000 		.4byte	.LASF18
 356 00d8 72       		.sleb128 -14
 357 00d9 07       		.uleb128 0x7
 358 00da 6A020000 		.4byte	.LASF19
 359 00de 74       		.sleb128 -12
 360 00df 07       		.uleb128 0x7
 361 00e0 0B020000 		.4byte	.LASF20
 362 00e4 75       		.sleb128 -11
 363 00e5 07       		.uleb128 0x7
 364 00e6 1E070000 		.4byte	.LASF21
 365 00ea 76       		.sleb128 -10
 366 00eb 07       		.uleb128 0x7
 367 00ec CC020000 		.4byte	.LASF22
 368 00f0 7B       		.sleb128 -5
 369 00f1 07       		.uleb128 0x7
 370 00f2 CC070000 		.4byte	.LASF23
 371 00f6 7C       		.sleb128 -4
 372 00f7 07       		.uleb128 0x7
 373 00f8 D9010000 		.4byte	.LASF24
 374 00fc 7E       		.sleb128 -2
 375 00fd 07       		.uleb128 0x7
 376 00fe 6F030000 		.4byte	.LASF25
 377 0102 7F       		.sleb128 -1
 378 0103 07       		.uleb128 0x7
 379 0104 D5000000 		.4byte	.LASF26
 380 0108 00       		.sleb128 0
 381 0109 07       		.uleb128 0x7
 382 010a 1F000000 		.4byte	.LASF27
 383 010e 01       		.sleb128 1
 384 010f 07       		.uleb128 0x7
 385 0110 BC070000 		.4byte	.LASF28
 386 0114 02       		.sleb128 2
 387 0115 07       		.uleb128 0x7
 388 0116 C7000000 		.4byte	.LASF29
 389 011a 03       		.sleb128 3
 390 011b 07       		.uleb128 0x7
 391 011c F2060000 		.4byte	.LASF30
 392 0120 04       		.sleb128 4
 393 0121 07       		.uleb128 0x7
 394 0122 8C080000 		.4byte	.LASF31
 395 0126 05       		.sleb128 5
 396 0127 07       		.uleb128 0x7
 397 0128 0C080000 		.4byte	.LASF32
 398 012c 06       		.sleb128 6
ARM GAS  c:\Tmp\cckhUzw7.s 			page 8


 399 012d 07       		.uleb128 0x7
 400 012e B7080000 		.4byte	.LASF33
 401 0132 07       		.sleb128 7
 402 0133 07       		.uleb128 0x7
 403 0134 C5060000 		.4byte	.LASF34
 404 0138 08       		.sleb128 8
 405 0139 07       		.uleb128 0x7
 406 013a 3A050000 		.4byte	.LASF35
 407 013e 09       		.sleb128 9
 408 013f 07       		.uleb128 0x7
 409 0140 77060000 		.4byte	.LASF36
 410 0144 0A       		.sleb128 10
 411 0145 07       		.uleb128 0x7
 412 0146 C2080000 		.4byte	.LASF37
 413 014a 0B       		.sleb128 11
 414 014b 07       		.uleb128 0x7
 415 014c 37030000 		.4byte	.LASF38
 416 0150 0C       		.sleb128 12
 417 0151 07       		.uleb128 0x7
 418 0152 4F050000 		.4byte	.LASF39
 419 0156 0D       		.sleb128 13
 420 0157 07       		.uleb128 0x7
 421 0158 38020000 		.4byte	.LASF40
 422 015c 0E       		.sleb128 14
 423 015d 07       		.uleb128 0x7
 424 015e F9030000 		.4byte	.LASF41
 425 0162 0F       		.sleb128 15
 426 0163 07       		.uleb128 0x7
 427 0164 7A010000 		.4byte	.LASF42
 428 0168 10       		.sleb128 16
 429 0169 07       		.uleb128 0x7
 430 016a 53020000 		.4byte	.LASF43
 431 016e 11       		.sleb128 17
 432 016f 07       		.uleb128 0x7
 433 0170 55080000 		.4byte	.LASF44
 434 0174 12       		.sleb128 18
 435 0175 07       		.uleb128 0x7
 436 0176 08030000 		.4byte	.LASF45
 437 017a 13       		.sleb128 19
 438 017b 07       		.uleb128 0x7
 439 017c 11000000 		.4byte	.LASF46
 440 0180 14       		.sleb128 20
 441 0181 07       		.uleb128 0x7
 442 0182 36000000 		.4byte	.LASF47
 443 0186 15       		.sleb128 21
 444 0187 07       		.uleb128 0x7
 445 0188 70080000 		.4byte	.LASF48
 446 018c 16       		.sleb128 22
 447 018d 07       		.uleb128 0x7
 448 018e 8C010000 		.4byte	.LASF49
 449 0192 17       		.sleb128 23
 450 0193 07       		.uleb128 0x7
 451 0194 52060000 		.4byte	.LASF50
 452 0198 18       		.sleb128 24
 453 0199 07       		.uleb128 0x7
 454 019a C1030000 		.4byte	.LASF51
 455 019e 19       		.sleb128 25
ARM GAS  c:\Tmp\cckhUzw7.s 			page 9


 456 019f 07       		.uleb128 0x7
 457 01a0 AD060000 		.4byte	.LASF52
 458 01a4 1A       		.sleb128 26
 459 01a5 07       		.uleb128 0x7
 460 01a6 7C030000 		.4byte	.LASF53
 461 01aa 1B       		.sleb128 27
 462 01ab 07       		.uleb128 0x7
 463 01ac 02080000 		.4byte	.LASF54
 464 01b0 1C       		.sleb128 28
 465 01b1 07       		.uleb128 0x7
 466 01b2 A6080000 		.4byte	.LASF55
 467 01b6 1D       		.sleb128 29
 468 01b7 07       		.uleb128 0x7
 469 01b8 BD000000 		.4byte	.LASF56
 470 01bc 1E       		.sleb128 30
 471 01bd 07       		.uleb128 0x7
 472 01be 51000000 		.4byte	.LASF57
 473 01c2 1F       		.sleb128 31
 474 01c3 07       		.uleb128 0x7
 475 01c4 AF070000 		.4byte	.LASF58
 476 01c8 20       		.sleb128 32
 477 01c9 07       		.uleb128 0x7
 478 01ca EC030000 		.4byte	.LASF59
 479 01ce 21       		.sleb128 33
 480 01cf 07       		.uleb128 0x7
 481 01d0 B0000000 		.4byte	.LASF60
 482 01d4 22       		.sleb128 34
 483 01d5 07       		.uleb128 0x7
 484 01d6 2D030000 		.4byte	.LASF61
 485 01da 23       		.sleb128 35
 486 01db 07       		.uleb128 0x7
 487 01dc 45050000 		.4byte	.LASF62
 488 01e0 24       		.sleb128 36
 489 01e1 07       		.uleb128 0x7
 490 01e2 17080000 		.4byte	.LASF63
 491 01e6 25       		.sleb128 37
 492 01e7 07       		.uleb128 0x7
 493 01e8 12070000 		.4byte	.LASF64
 494 01ec 26       		.sleb128 38
 495 01ed 07       		.uleb128 0x7
 496 01ee F0070000 		.4byte	.LASF65
 497 01f2 27       		.sleb128 39
 498 01f3 07       		.uleb128 0x7
 499 01f4 1E030000 		.4byte	.LASF66
 500 01f8 28       		.sleb128 40
 501 01f9 07       		.uleb128 0x7
 502 01fa A1000000 		.4byte	.LASF67
 503 01fe 29       		.sleb128 41
 504 01ff 07       		.uleb128 0x7
 505 0200 C8010000 		.4byte	.LASF68
 506 0204 2A       		.sleb128 42
 507 0205 07       		.uleb128 0x7
 508 0206 5B030000 		.4byte	.LASF69
 509 020a 2B       		.sleb128 43
 510 020b 07       		.uleb128 0x7
 511 020c E5010000 		.4byte	.LASF70
 512 0210 2C       		.sleb128 44
ARM GAS  c:\Tmp\cckhUzw7.s 			page 10


 513 0211 07       		.uleb128 0x7
 514 0212 89030000 		.4byte	.LASF71
 515 0216 2D       		.sleb128 45
 516 0217 07       		.uleb128 0x7
 517 0218 F3000000 		.4byte	.LASF72
 518 021c 2E       		.sleb128 46
 519 021d 07       		.uleb128 0x7
 520 021e 2E070000 		.4byte	.LASF73
 521 0222 2F       		.sleb128 47
 522 0223 07       		.uleb128 0x7
 523 0224 2C060000 		.4byte	.LASF74
 524 0228 30       		.sleb128 48
 525 0229 07       		.uleb128 0x7
 526 022a DF000000 		.4byte	.LASF75
 527 022e 31       		.sleb128 49
 528 022f 07       		.uleb128 0x7
 529 0230 30050000 		.4byte	.LASF76
 530 0234 32       		.sleb128 50
 531 0235 07       		.uleb128 0x7
 532 0236 10060000 		.4byte	.LASF77
 533 023a 33       		.sleb128 51
 534 023b 07       		.uleb128 0x7
 535 023c BD010000 		.4byte	.LASF78
 536 0240 34       		.sleb128 52
 537 0241 07       		.uleb128 0x7
 538 0242 A2060000 		.4byte	.LASF79
 539 0246 35       		.sleb128 53
 540 0247 07       		.uleb128 0x7
 541 0248 A7010000 		.4byte	.LASF80
 542 024c 36       		.sleb128 54
 543 024d 07       		.uleb128 0x7
 544 024e 63070000 		.4byte	.LASF81
 545 0252 37       		.sleb128 55
 546 0253 07       		.uleb128 0x7
 547 0254 DE070000 		.4byte	.LASF82
 548 0258 38       		.sleb128 56
 549 0259 07       		.uleb128 0x7
 550 025a 5E080000 		.4byte	.LASF83
 551 025e 39       		.sleb128 57
 552 025f 07       		.uleb128 0x7
 553 0260 EB020000 		.4byte	.LASF84
 554 0264 3A       		.sleb128 58
 555 0265 07       		.uleb128 0x7
 556 0266 DA030000 		.4byte	.LASF85
 557 026a 3B       		.sleb128 59
 558 026b 07       		.uleb128 0x7
 559 026c 1A060000 		.4byte	.LASF86
 560 0270 3C       		.sleb128 60
 561 0271 07       		.uleb128 0x7
 562 0272 B8030000 		.4byte	.LASF87
 563 0276 3D       		.sleb128 61
 564 0277 07       		.uleb128 0x7
 565 0278 99010000 		.4byte	.LASF88
 566 027c 3E       		.sleb128 62
 567 027d 07       		.uleb128 0x7
 568 027e 61050000 		.4byte	.LASF89
 569 0282 3F       		.sleb128 63
ARM GAS  c:\Tmp\cckhUzw7.s 			page 11


 570 0283 07       		.uleb128 0x7
 571 0284 28000000 		.4byte	.LASF90
 572 0288 C000     		.sleb128 64
 573 028a 07       		.uleb128 0x7
 574 028b 22010000 		.4byte	.LASF91
 575 028f C100     		.sleb128 65
 576 0291 07       		.uleb128 0x7
 577 0292 7E080000 		.4byte	.LASF92
 578 0296 C200     		.sleb128 66
 579 0298 07       		.uleb128 0x7
 580 0299 FD060000 		.4byte	.LASF93
 581 029d C300     		.sleb128 67
 582 029f 07       		.uleb128 0x7
 583 02a0 65000000 		.4byte	.LASF94
 584 02a4 C400     		.sleb128 68
 585 02a6 07       		.uleb128 0x7
 586 02a7 4C010000 		.4byte	.LASF95
 587 02ab C500     		.sleb128 69
 588 02ad 07       		.uleb128 0x7
 589 02ae 19020000 		.4byte	.LASF96
 590 02b2 C600     		.sleb128 70
 591 02b4 07       		.uleb128 0x7
 592 02b5 0B040000 		.4byte	.LASF97
 593 02b9 C700     		.sleb128 71
 594 02bb 07       		.uleb128 0x7
 595 02bc 80020000 		.4byte	.LASF98
 596 02c0 C800     		.sleb128 72
 597 02c2 07       		.uleb128 0x7
 598 02c3 44000000 		.4byte	.LASF99
 599 02c7 C900     		.sleb128 73
 600 02c9 07       		.uleb128 0x7
 601 02ca B8020000 		.4byte	.LASF100
 602 02ce CA00     		.sleb128 74
 603 02d0 07       		.uleb128 0x7
 604 02d1 6D070000 		.4byte	.LASF101
 605 02d5 CB00     		.sleb128 75
 606 02d7 07       		.uleb128 0x7
 607 02d8 95080000 		.4byte	.LASF102
 608 02dc CC00     		.sleb128 76
 609 02de 07       		.uleb128 0x7
 610 02df 8B050000 		.4byte	.LASF103
 611 02e3 CD00     		.sleb128 77
 612 02e5 07       		.uleb128 0x7
 613 02e6 28080000 		.4byte	.LASF104
 614 02ea CE00     		.sleb128 78
 615 02ec 07       		.uleb128 0x7
 616 02ed 45070000 		.4byte	.LASF105
 617 02f1 CF00     		.sleb128 79
 618 02f3 07       		.uleb128 0x7
 619 02f4 3E010000 		.4byte	.LASF106
 620 02f8 D000     		.sleb128 80
 621 02fa 07       		.uleb128 0x7
 622 02fb 3A080000 		.4byte	.LASF107
 623 02ff D100     		.sleb128 81
 624 0301 00       		.byte	0
 625 0302 08       		.uleb128 0x8
 626 0303 A2000000 		.4byte	0xa2
ARM GAS  c:\Tmp\cckhUzw7.s 			page 12


 627 0307 12030000 		.4byte	0x312
 628 030b 09       		.uleb128 0x9
 629 030c B9000000 		.4byte	0xb9
 630 0310 01       		.byte	0x1
 631 0311 00       		.byte	0
 632 0312 08       		.uleb128 0x8
 633 0313 A2000000 		.4byte	0xa2
 634 0317 22030000 		.4byte	0x322
 635 031b 09       		.uleb128 0x9
 636 031c B9000000 		.4byte	0xb9
 637 0320 03       		.byte	0x3
 638 0321 00       		.byte	0
 639 0322 05       		.uleb128 0x5
 640 0323 97000000 		.4byte	0x97
 641 0327 0A       		.uleb128 0xa
 642 0328 18       		.byte	0x18
 643 0329 04       		.byte	0x4
 644 032a 3003     		.2byte	0x330
 645 032c 7E030000 		.4byte	0x37e
 646 0330 0B       		.uleb128 0xb
 647 0331 494D5200 		.ascii	"IMR\000"
 648 0335 04       		.byte	0x4
 649 0336 3203     		.2byte	0x332
 650 0338 B4000000 		.4byte	0xb4
 651 033c 00       		.byte	0
 652 033d 0B       		.uleb128 0xb
 653 033e 454D5200 		.ascii	"EMR\000"
 654 0342 04       		.byte	0x4
 655 0343 3303     		.2byte	0x333
 656 0345 B4000000 		.4byte	0xb4
 657 0349 04       		.byte	0x4
 658 034a 0C       		.uleb128 0xc
 659 034b 65020000 		.4byte	.LASF108
 660 034f 04       		.byte	0x4
 661 0350 3403     		.2byte	0x334
 662 0352 B4000000 		.4byte	0xb4
 663 0356 08       		.byte	0x8
 664 0357 0C       		.uleb128 0xc
 665 0358 72060000 		.4byte	.LASF109
 666 035c 04       		.byte	0x4
 667 035d 3503     		.2byte	0x335
 668 035f B4000000 		.4byte	0xb4
 669 0363 0C       		.byte	0xc
 670 0364 0C       		.uleb128 0xc
 671 0365 77000000 		.4byte	.LASF110
 672 0369 04       		.byte	0x4
 673 036a 3603     		.2byte	0x336
 674 036c B4000000 		.4byte	0xb4
 675 0370 10       		.byte	0x10
 676 0371 0B       		.uleb128 0xb
 677 0372 505200   		.ascii	"PR\000"
 678 0375 04       		.byte	0x4
 679 0376 3703     		.2byte	0x337
 680 0378 B4000000 		.4byte	0xb4
 681 037c 14       		.byte	0x14
 682 037d 00       		.byte	0
 683 037e 0D       		.uleb128 0xd
ARM GAS  c:\Tmp\cckhUzw7.s 			page 13


 684 037f 48080000 		.4byte	.LASF111
 685 0383 04       		.byte	0x4
 686 0384 3803     		.2byte	0x338
 687 0386 27030000 		.4byte	0x327
 688 038a 0A       		.uleb128 0xa
 689 038b 24       		.byte	0x24
 690 038c 04       		.byte	0x4
 691 038d E903     		.2byte	0x3e9
 692 038f D5030000 		.4byte	0x3d5
 693 0393 0C       		.uleb128 0xc
 694 0394 7D000000 		.4byte	.LASF112
 695 0398 04       		.byte	0x4
 696 0399 EB03     		.2byte	0x3eb
 697 039b B4000000 		.4byte	0xb4
 698 039f 00       		.byte	0
 699 03a0 0B       		.uleb128 0xb
 700 03a1 504D4300 		.ascii	"PMC\000"
 701 03a5 04       		.byte	0x4
 702 03a6 EC03     		.2byte	0x3ec
 703 03a8 B4000000 		.4byte	0xb4
 704 03ac 04       		.byte	0x4
 705 03ad 0C       		.uleb128 0xc
 706 03ae B0080000 		.4byte	.LASF113
 707 03b2 04       		.byte	0x4
 708 03b3 ED03     		.2byte	0x3ed
 709 03b5 D5030000 		.4byte	0x3d5
 710 03b9 08       		.byte	0x8
 711 03ba 0C       		.uleb128 0xc
 712 03bb 80070000 		.4byte	.LASF114
 713 03bf 04       		.byte	0x4
 714 03c0 EE03     		.2byte	0x3ee
 715 03c2 02030000 		.4byte	0x302
 716 03c6 18       		.byte	0x18
 717 03c7 0C       		.uleb128 0xc
 718 03c8 97050000 		.4byte	.LASF115
 719 03cc 04       		.byte	0x4
 720 03cd EF03     		.2byte	0x3ef
 721 03cf B4000000 		.4byte	0xb4
 722 03d3 20       		.byte	0x20
 723 03d4 00       		.byte	0
 724 03d5 05       		.uleb128 0x5
 725 03d6 12030000 		.4byte	0x312
 726 03da 0D       		.uleb128 0xd
 727 03db B2050000 		.4byte	.LASF116
 728 03df 04       		.byte	0x4
 729 03e0 F003     		.2byte	0x3f0
 730 03e2 8A030000 		.4byte	0x38a
 731 03e6 0A       		.uleb128 0xa
 732 03e7 90       		.byte	0x90
 733 03e8 04       		.byte	0x4
 734 03e9 5804     		.2byte	0x458
 735 03eb 8F050000 		.4byte	0x58f
 736 03ef 0B       		.uleb128 0xb
 737 03f0 435200   		.ascii	"CR\000"
 738 03f3 04       		.byte	0x4
 739 03f4 5A04     		.2byte	0x45a
 740 03f6 B4000000 		.4byte	0xb4
ARM GAS  c:\Tmp\cckhUzw7.s 			page 14


 741 03fa 00       		.byte	0
 742 03fb 0C       		.uleb128 0xc
 743 03fc B5010000 		.4byte	.LASF117
 744 0400 04       		.byte	0x4
 745 0401 5B04     		.2byte	0x45b
 746 0403 B4000000 		.4byte	0xb4
 747 0407 04       		.byte	0x4
 748 0408 0C       		.uleb128 0xc
 749 0409 43080000 		.4byte	.LASF118
 750 040d 04       		.byte	0x4
 751 040e 5C04     		.2byte	0x45c
 752 0410 B4000000 		.4byte	0xb4
 753 0414 08       		.byte	0x8
 754 0415 0B       		.uleb128 0xb
 755 0416 43495200 		.ascii	"CIR\000"
 756 041a 04       		.byte	0x4
 757 041b 5D04     		.2byte	0x45d
 758 041d B4000000 		.4byte	0xb4
 759 0421 0C       		.byte	0xc
 760 0422 0C       		.uleb128 0xc
 761 0423 35010000 		.4byte	.LASF119
 762 0427 04       		.byte	0x4
 763 0428 5E04     		.2byte	0x45e
 764 042a B4000000 		.4byte	0xb4
 765 042e 10       		.byte	0x10
 766 042f 0C       		.uleb128 0xc
 767 0430 5A070000 		.4byte	.LASF120
 768 0434 04       		.byte	0x4
 769 0435 5F04     		.2byte	0x45f
 770 0437 B4000000 		.4byte	0xb4
 771 043b 14       		.byte	0x14
 772 043c 0C       		.uleb128 0xc
 773 043d 15030000 		.4byte	.LASF121
 774 0441 04       		.byte	0x4
 775 0442 6004     		.2byte	0x460
 776 0444 B4000000 		.4byte	0xb4
 777 0448 18       		.byte	0x18
 778 0449 0C       		.uleb128 0xc
 779 044a CA050000 		.4byte	.LASF122
 780 044e 04       		.byte	0x4
 781 044f 6104     		.2byte	0x461
 782 0451 A2000000 		.4byte	0xa2
 783 0455 1C       		.byte	0x1c
 784 0456 0C       		.uleb128 0xc
 785 0457 82050000 		.4byte	.LASF123
 786 045b 04       		.byte	0x4
 787 045c 6204     		.2byte	0x462
 788 045e B4000000 		.4byte	0xb4
 789 0462 20       		.byte	0x20
 790 0463 0C       		.uleb128 0xc
 791 0464 67010000 		.4byte	.LASF124
 792 0468 04       		.byte	0x4
 793 0469 6304     		.2byte	0x463
 794 046b B4000000 		.4byte	0xb4
 795 046f 24       		.byte	0x24
 796 0470 0C       		.uleb128 0xc
 797 0471 D4050000 		.4byte	.LASF125
ARM GAS  c:\Tmp\cckhUzw7.s 			page 15


 798 0475 04       		.byte	0x4
 799 0476 6404     		.2byte	0x464
 800 0478 02030000 		.4byte	0x302
 801 047c 28       		.byte	0x28
 802 047d 0C       		.uleb128 0xc
 803 047e 32080000 		.4byte	.LASF126
 804 0482 04       		.byte	0x4
 805 0483 6504     		.2byte	0x465
 806 0485 B4000000 		.4byte	0xb4
 807 0489 30       		.byte	0x30
 808 048a 0C       		.uleb128 0xc
 809 048b 49030000 		.4byte	.LASF127
 810 048f 04       		.byte	0x4
 811 0490 6604     		.2byte	0x466
 812 0492 B4000000 		.4byte	0xb4
 813 0496 34       		.byte	0x34
 814 0497 0C       		.uleb128 0xc
 815 0498 D8060000 		.4byte	.LASF128
 816 049c 04       		.byte	0x4
 817 049d 6704     		.2byte	0x467
 818 049f B4000000 		.4byte	0xb4
 819 04a3 38       		.byte	0x38
 820 04a4 0C       		.uleb128 0xc
 821 04a5 DE050000 		.4byte	.LASF129
 822 04a9 04       		.byte	0x4
 823 04aa 6804     		.2byte	0x468
 824 04ac A2000000 		.4byte	0xa2
 825 04b0 3C       		.byte	0x3c
 826 04b1 0C       		.uleb128 0xc
 827 04b2 A7070000 		.4byte	.LASF130
 828 04b6 04       		.byte	0x4
 829 04b7 6904     		.2byte	0x469
 830 04b9 B4000000 		.4byte	0xb4
 831 04bd 40       		.byte	0x40
 832 04be 0C       		.uleb128 0xc
 833 04bf D0060000 		.4byte	.LASF131
 834 04c3 04       		.byte	0x4
 835 04c4 6A04     		.2byte	0x46a
 836 04c6 B4000000 		.4byte	0xb4
 837 04ca 44       		.byte	0x44
 838 04cb 0C       		.uleb128 0xc
 839 04cc E8050000 		.4byte	.LASF132
 840 04d0 04       		.byte	0x4
 841 04d1 6B04     		.2byte	0x46b
 842 04d3 02030000 		.4byte	0x302
 843 04d7 48       		.byte	0x48
 844 04d8 0C       		.uleb128 0xc
 845 04d9 E9000000 		.4byte	.LASF133
 846 04dd 04       		.byte	0x4
 847 04de 6C04     		.2byte	0x46c
 848 04e0 B4000000 		.4byte	0xb4
 849 04e4 50       		.byte	0x50
 850 04e5 0C       		.uleb128 0xc
 851 04e6 6E050000 		.4byte	.LASF134
 852 04ea 04       		.byte	0x4
 853 04eb 6D04     		.2byte	0x46d
 854 04ed B4000000 		.4byte	0xb4
ARM GAS  c:\Tmp\cckhUzw7.s 			page 16


 855 04f1 54       		.byte	0x54
 856 04f2 0C       		.uleb128 0xc
 857 04f3 98060000 		.4byte	.LASF135
 858 04f7 04       		.byte	0x4
 859 04f8 6E04     		.2byte	0x46e
 860 04fa B4000000 		.4byte	0xb4
 861 04fe 58       		.byte	0x58
 862 04ff 0C       		.uleb128 0xc
 863 0500 F2050000 		.4byte	.LASF136
 864 0504 04       		.byte	0x4
 865 0505 6F04     		.2byte	0x46f
 866 0507 A2000000 		.4byte	0xa2
 867 050b 5C       		.byte	0x5c
 868 050c 0C       		.uleb128 0xc
 869 050d 70010000 		.4byte	.LASF137
 870 0511 04       		.byte	0x4
 871 0512 7004     		.2byte	0x470
 872 0514 B4000000 		.4byte	0xb4
 873 0518 60       		.byte	0x60
 874 0519 0C       		.uleb128 0xc
 875 051a 51030000 		.4byte	.LASF138
 876 051e 04       		.byte	0x4
 877 051f 7104     		.2byte	0x471
 878 0521 B4000000 		.4byte	0xb4
 879 0525 64       		.byte	0x64
 880 0526 0C       		.uleb128 0xc
 881 0527 FC050000 		.4byte	.LASF139
 882 052b 04       		.byte	0x4
 883 052c 7204     		.2byte	0x472
 884 052e 02030000 		.4byte	0x302
 885 0532 68       		.byte	0x68
 886 0533 0C       		.uleb128 0xc
 887 0534 23080000 		.4byte	.LASF140
 888 0538 04       		.byte	0x4
 889 0539 7304     		.2byte	0x473
 890 053b B4000000 		.4byte	0xb4
 891 053f 70       		.byte	0x70
 892 0540 0B       		.uleb128 0xb
 893 0541 43535200 		.ascii	"CSR\000"
 894 0545 04       		.byte	0x4
 895 0546 7404     		.2byte	0x474
 896 0548 B4000000 		.4byte	0xb4
 897 054c 74       		.byte	0x74
 898 054d 0C       		.uleb128 0xc
 899 054e 06060000 		.4byte	.LASF141
 900 0552 04       		.byte	0x4
 901 0553 7504     		.2byte	0x475
 902 0555 02030000 		.4byte	0x302
 903 0559 78       		.byte	0x78
 904 055a 0C       		.uleb128 0xc
 905 055b FC070000 		.4byte	.LASF142
 906 055f 04       		.byte	0x4
 907 0560 7604     		.2byte	0x476
 908 0562 B4000000 		.4byte	0xb4
 909 0566 80       		.byte	0x80
 910 0567 0C       		.uleb128 0xc
 911 0568 FD020000 		.4byte	.LASF143
ARM GAS  c:\Tmp\cckhUzw7.s 			page 17


 912 056c 04       		.byte	0x4
 913 056d 7704     		.2byte	0x477
 914 056f B4000000 		.4byte	0xb4
 915 0573 84       		.byte	0x84
 916 0574 0C       		.uleb128 0xc
 917 0575 A7050000 		.4byte	.LASF144
 918 0579 04       		.byte	0x4
 919 057a 7804     		.2byte	0x478
 920 057c B4000000 		.4byte	0xb4
 921 0580 88       		.byte	0x88
 922 0581 0C       		.uleb128 0xc
 923 0582 00010000 		.4byte	.LASF145
 924 0586 04       		.byte	0x4
 925 0587 7904     		.2byte	0x479
 926 0589 B4000000 		.4byte	0xb4
 927 058d 8C       		.byte	0x8c
 928 058e 00       		.byte	0
 929 058f 0D       		.uleb128 0xd
 930 0590 AC020000 		.4byte	.LASF146
 931 0594 04       		.byte	0x4
 932 0595 7B04     		.2byte	0x47b
 933 0597 E6030000 		.4byte	0x3e6
 934 059b 0E       		.uleb128 0xe
 935 059c 04       		.byte	0x4
 936 059d 05       		.byte	0x5
 937 059e 96       		.byte	0x96
 938 059f BC050000 		.4byte	0x5bc
 939 05a3 0F       		.uleb128 0xf
 940 05a4 73657400 		.ascii	"set\000"
 941 05a8 05       		.byte	0x5
 942 05a9 97       		.byte	0x97
 943 05aa 8C000000 		.4byte	0x8c
 944 05ae 00       		.byte	0
 945 05af 10       		.uleb128 0x10
 946 05b0 D4030000 		.4byte	.LASF147
 947 05b4 05       		.byte	0x5
 948 05b5 98       		.byte	0x98
 949 05b6 8C000000 		.4byte	0x8c
 950 05ba 02       		.byte	0x2
 951 05bb 00       		.byte	0
 952 05bc 11       		.uleb128 0x11
 953 05bd 04       		.byte	0x4
 954 05be 05       		.byte	0x5
 955 05bf 94       		.byte	0x94
 956 05c0 D7050000 		.4byte	0x5d7
 957 05c4 12       		.uleb128 0x12
 958 05c5 5700     		.ascii	"W\000"
 959 05c7 05       		.byte	0x5
 960 05c8 95       		.byte	0x95
 961 05c9 A2000000 		.4byte	0xa2
 962 05cd 12       		.uleb128 0x12
 963 05ce 4800     		.ascii	"H\000"
 964 05d0 05       		.byte	0x5
 965 05d1 99       		.byte	0x99
 966 05d2 9B050000 		.4byte	0x59b
 967 05d6 00       		.byte	0
 968 05d7 0E       		.uleb128 0xe
ARM GAS  c:\Tmp\cckhUzw7.s 			page 18


 969 05d8 28       		.byte	0x28
 970 05d9 05       		.byte	0x5
 971 05da 8C       		.byte	0x8c
 972 05db 58060000 		.4byte	0x658
 973 05df 10       		.uleb128 0x10
 974 05e0 84000000 		.4byte	.LASF148
 975 05e4 05       		.byte	0x5
 976 05e5 8E       		.byte	0x8e
 977 05e6 B4000000 		.4byte	0xb4
 978 05ea 00       		.byte	0
 979 05eb 10       		.uleb128 0x10
 980 05ec 5E000000 		.4byte	.LASF149
 981 05f0 05       		.byte	0x5
 982 05f1 8F       		.byte	0x8f
 983 05f2 B4000000 		.4byte	0xb4
 984 05f6 04       		.byte	0x4
 985 05f7 10       		.uleb128 0x10
 986 05f8 F8010000 		.4byte	.LASF150
 987 05fc 05       		.byte	0x5
 988 05fd 90       		.byte	0x90
 989 05fe B4000000 		.4byte	0xb4
 990 0602 08       		.byte	0x8
 991 0603 10       		.uleb128 0x10
 992 0604 06000000 		.4byte	.LASF151
 993 0608 05       		.byte	0x5
 994 0609 91       		.byte	0x91
 995 060a B4000000 		.4byte	0xb4
 996 060e 0C       		.byte	0xc
 997 060f 0F       		.uleb128 0xf
 998 0610 49445200 		.ascii	"IDR\000"
 999 0614 05       		.byte	0x5
 1000 0615 92       		.byte	0x92
 1001 0616 B4000000 		.4byte	0xb4
 1002 061a 10       		.byte	0x10
 1003 061b 0F       		.uleb128 0xf
 1004 061c 4F445200 		.ascii	"ODR\000"
 1005 0620 05       		.byte	0x5
 1006 0621 93       		.byte	0x93
 1007 0622 B4000000 		.4byte	0xb4
 1008 0626 14       		.byte	0x14
 1009 0627 10       		.uleb128 0x10
 1010 0628 30010000 		.4byte	.LASF152
 1011 062c 05       		.byte	0x5
 1012 062d 9A       		.byte	0x9a
 1013 062e 58060000 		.4byte	0x658
 1014 0632 18       		.byte	0x18
 1015 0633 10       		.uleb128 0x10
 1016 0634 0C000000 		.4byte	.LASF153
 1017 0638 05       		.byte	0x5
 1018 0639 9B       		.byte	0x9b
 1019 063a B4000000 		.4byte	0xb4
 1020 063e 1C       		.byte	0x1c
 1021 063f 10       		.uleb128 0x10
 1022 0640 A2050000 		.4byte	.LASF154
 1023 0644 05       		.byte	0x5
 1024 0645 9C       		.byte	0x9c
 1025 0646 B4000000 		.4byte	0xb4
ARM GAS  c:\Tmp\cckhUzw7.s 			page 19


 1026 064a 20       		.byte	0x20
 1027 064b 10       		.uleb128 0x10
 1028 064c 9D050000 		.4byte	.LASF155
 1029 0650 05       		.byte	0x5
 1030 0651 9D       		.byte	0x9d
 1031 0652 B4000000 		.4byte	0xb4
 1032 0656 24       		.byte	0x24
 1033 0657 00       		.byte	0
 1034 0658 05       		.uleb128 0x5
 1035 0659 BC050000 		.4byte	0x5bc
 1036 065d 04       		.uleb128 0x4
 1037 065e 9F020000 		.4byte	.LASF156
 1038 0662 05       		.byte	0x5
 1039 0663 9E       		.byte	0x9e
 1040 0664 D7050000 		.4byte	0x5d7
 1041 0668 13       		.uleb128 0x13
 1042 0669 82060000 		.4byte	.LASF157
 1043 066d 01       		.byte	0x1
 1044 066e 09       		.byte	0x9
 1045 066f 00000000 		.4byte	.LFB118
 1046 0673 90000000 		.4byte	.LFE118-.LFB118
 1047 0677 01       		.uleb128 0x1
 1048 0678 9C       		.byte	0x9c
 1049 0679 13       		.uleb128 0x13
 1050 067a A6030000 		.4byte	.LASF158
 1051 067e 01       		.byte	0x1
 1052 067f 25       		.byte	0x25
 1053 0680 00000000 		.4byte	.LFB119
 1054 0684 68000000 		.4byte	.LFE119-.LFB119
 1055 0688 01       		.uleb128 0x1
 1056 0689 9C       		.byte	0x9c
 1057 068a 13       		.uleb128 0x13
 1058 068b C1050000 		.4byte	.LASF159
 1059 068f 01       		.byte	0x1
 1060 0690 3D       		.byte	0x3d
 1061 0691 00000000 		.4byte	.LFB120
 1062 0695 30000000 		.4byte	.LFE120-.LFB120
 1063 0699 01       		.uleb128 0x1
 1064 069a 9C       		.byte	0x9c
 1065 069b 14       		.uleb128 0x14
 1066 069c 65060000 		.4byte	.LASF160
 1067 06a0 06       		.byte	0x6
 1068 06a1 9806     		.2byte	0x698
 1069 06a3 22030000 		.4byte	0x322
 1070 06a7 15       		.uleb128 0x15
 1071 06a8 00000000 		.4byte	.LASF161
 1072 06ac 01       		.byte	0x1
 1073 06ad 07       		.byte	0x7
 1074 06ae 22030000 		.4byte	0x322
 1075 06b2 05       		.uleb128 0x5
 1076 06b3 03       		.byte	0x3
 1077 06b4 00000000 		.4byte	count
 1078 06b8 00       		.byte	0
 1079              		.section	.debug_abbrev,"",%progbits
 1080              	.Ldebug_abbrev0:
 1081 0000 01       		.uleb128 0x1
 1082 0001 11       		.uleb128 0x11
ARM GAS  c:\Tmp\cckhUzw7.s 			page 20


 1083 0002 01       		.byte	0x1
 1084 0003 25       		.uleb128 0x25
 1085 0004 0E       		.uleb128 0xe
 1086 0005 13       		.uleb128 0x13
 1087 0006 0B       		.uleb128 0xb
 1088 0007 03       		.uleb128 0x3
 1089 0008 0E       		.uleb128 0xe
 1090 0009 1B       		.uleb128 0x1b
 1091 000a 0E       		.uleb128 0xe
 1092 000b 55       		.uleb128 0x55
 1093 000c 17       		.uleb128 0x17
 1094 000d 11       		.uleb128 0x11
 1095 000e 01       		.uleb128 0x1
 1096 000f 10       		.uleb128 0x10
 1097 0010 17       		.uleb128 0x17
 1098 0011 00       		.byte	0
 1099 0012 00       		.byte	0
 1100 0013 02       		.uleb128 0x2
 1101 0014 24       		.uleb128 0x24
 1102 0015 00       		.byte	0
 1103 0016 0B       		.uleb128 0xb
 1104 0017 0B       		.uleb128 0xb
 1105 0018 3E       		.uleb128 0x3e
 1106 0019 0B       		.uleb128 0xb
 1107 001a 03       		.uleb128 0x3
 1108 001b 08       		.uleb128 0x8
 1109 001c 00       		.byte	0
 1110 001d 00       		.byte	0
 1111 001e 03       		.uleb128 0x3
 1112 001f 24       		.uleb128 0x24
 1113 0020 00       		.byte	0
 1114 0021 0B       		.uleb128 0xb
 1115 0022 0B       		.uleb128 0xb
 1116 0023 3E       		.uleb128 0x3e
 1117 0024 0B       		.uleb128 0xb
 1118 0025 03       		.uleb128 0x3
 1119 0026 0E       		.uleb128 0xe
 1120 0027 00       		.byte	0
 1121 0028 00       		.byte	0
 1122 0029 04       		.uleb128 0x4
 1123 002a 16       		.uleb128 0x16
 1124 002b 00       		.byte	0
 1125 002c 03       		.uleb128 0x3
 1126 002d 0E       		.uleb128 0xe
 1127 002e 3A       		.uleb128 0x3a
 1128 002f 0B       		.uleb128 0xb
 1129 0030 3B       		.uleb128 0x3b
 1130 0031 0B       		.uleb128 0xb
 1131 0032 49       		.uleb128 0x49
 1132 0033 13       		.uleb128 0x13
 1133 0034 00       		.byte	0
 1134 0035 00       		.byte	0
 1135 0036 05       		.uleb128 0x5
 1136 0037 35       		.uleb128 0x35
 1137 0038 00       		.byte	0
 1138 0039 49       		.uleb128 0x49
 1139 003a 13       		.uleb128 0x13
ARM GAS  c:\Tmp\cckhUzw7.s 			page 21


 1140 003b 00       		.byte	0
 1141 003c 00       		.byte	0
 1142 003d 06       		.uleb128 0x6
 1143 003e 04       		.uleb128 0x4
 1144 003f 01       		.byte	0x1
 1145 0040 03       		.uleb128 0x3
 1146 0041 0E       		.uleb128 0xe
 1147 0042 0B       		.uleb128 0xb
 1148 0043 0B       		.uleb128 0xb
 1149 0044 3A       		.uleb128 0x3a
 1150 0045 0B       		.uleb128 0xb
 1151 0046 3B       		.uleb128 0x3b
 1152 0047 0B       		.uleb128 0xb
 1153 0048 01       		.uleb128 0x1
 1154 0049 13       		.uleb128 0x13
 1155 004a 00       		.byte	0
 1156 004b 00       		.byte	0
 1157 004c 07       		.uleb128 0x7
 1158 004d 28       		.uleb128 0x28
 1159 004e 00       		.byte	0
 1160 004f 03       		.uleb128 0x3
 1161 0050 0E       		.uleb128 0xe
 1162 0051 1C       		.uleb128 0x1c
 1163 0052 0D       		.uleb128 0xd
 1164 0053 00       		.byte	0
 1165 0054 00       		.byte	0
 1166 0055 08       		.uleb128 0x8
 1167 0056 01       		.uleb128 0x1
 1168 0057 01       		.byte	0x1
 1169 0058 49       		.uleb128 0x49
 1170 0059 13       		.uleb128 0x13
 1171 005a 01       		.uleb128 0x1
 1172 005b 13       		.uleb128 0x13
 1173 005c 00       		.byte	0
 1174 005d 00       		.byte	0
 1175 005e 09       		.uleb128 0x9
 1176 005f 21       		.uleb128 0x21
 1177 0060 00       		.byte	0
 1178 0061 49       		.uleb128 0x49
 1179 0062 13       		.uleb128 0x13
 1180 0063 2F       		.uleb128 0x2f
 1181 0064 0B       		.uleb128 0xb
 1182 0065 00       		.byte	0
 1183 0066 00       		.byte	0
 1184 0067 0A       		.uleb128 0xa
 1185 0068 13       		.uleb128 0x13
 1186 0069 01       		.byte	0x1
 1187 006a 0B       		.uleb128 0xb
 1188 006b 0B       		.uleb128 0xb
 1189 006c 3A       		.uleb128 0x3a
 1190 006d 0B       		.uleb128 0xb
 1191 006e 3B       		.uleb128 0x3b
 1192 006f 05       		.uleb128 0x5
 1193 0070 01       		.uleb128 0x1
 1194 0071 13       		.uleb128 0x13
 1195 0072 00       		.byte	0
 1196 0073 00       		.byte	0
ARM GAS  c:\Tmp\cckhUzw7.s 			page 22


 1197 0074 0B       		.uleb128 0xb
 1198 0075 0D       		.uleb128 0xd
 1199 0076 00       		.byte	0
 1200 0077 03       		.uleb128 0x3
 1201 0078 08       		.uleb128 0x8
 1202 0079 3A       		.uleb128 0x3a
 1203 007a 0B       		.uleb128 0xb
 1204 007b 3B       		.uleb128 0x3b
 1205 007c 05       		.uleb128 0x5
 1206 007d 49       		.uleb128 0x49
 1207 007e 13       		.uleb128 0x13
 1208 007f 38       		.uleb128 0x38
 1209 0080 0B       		.uleb128 0xb
 1210 0081 00       		.byte	0
 1211 0082 00       		.byte	0
 1212 0083 0C       		.uleb128 0xc
 1213 0084 0D       		.uleb128 0xd
 1214 0085 00       		.byte	0
 1215 0086 03       		.uleb128 0x3
 1216 0087 0E       		.uleb128 0xe
 1217 0088 3A       		.uleb128 0x3a
 1218 0089 0B       		.uleb128 0xb
 1219 008a 3B       		.uleb128 0x3b
 1220 008b 05       		.uleb128 0x5
 1221 008c 49       		.uleb128 0x49
 1222 008d 13       		.uleb128 0x13
 1223 008e 38       		.uleb128 0x38
 1224 008f 0B       		.uleb128 0xb
 1225 0090 00       		.byte	0
 1226 0091 00       		.byte	0
 1227 0092 0D       		.uleb128 0xd
 1228 0093 16       		.uleb128 0x16
 1229 0094 00       		.byte	0
 1230 0095 03       		.uleb128 0x3
 1231 0096 0E       		.uleb128 0xe
 1232 0097 3A       		.uleb128 0x3a
 1233 0098 0B       		.uleb128 0xb
 1234 0099 3B       		.uleb128 0x3b
 1235 009a 05       		.uleb128 0x5
 1236 009b 49       		.uleb128 0x49
 1237 009c 13       		.uleb128 0x13
 1238 009d 00       		.byte	0
 1239 009e 00       		.byte	0
 1240 009f 0E       		.uleb128 0xe
 1241 00a0 13       		.uleb128 0x13
 1242 00a1 01       		.byte	0x1
 1243 00a2 0B       		.uleb128 0xb
 1244 00a3 0B       		.uleb128 0xb
 1245 00a4 3A       		.uleb128 0x3a
 1246 00a5 0B       		.uleb128 0xb
 1247 00a6 3B       		.uleb128 0x3b
 1248 00a7 0B       		.uleb128 0xb
 1249 00a8 01       		.uleb128 0x1
 1250 00a9 13       		.uleb128 0x13
 1251 00aa 00       		.byte	0
 1252 00ab 00       		.byte	0
 1253 00ac 0F       		.uleb128 0xf
ARM GAS  c:\Tmp\cckhUzw7.s 			page 23


 1254 00ad 0D       		.uleb128 0xd
 1255 00ae 00       		.byte	0
 1256 00af 03       		.uleb128 0x3
 1257 00b0 08       		.uleb128 0x8
 1258 00b1 3A       		.uleb128 0x3a
 1259 00b2 0B       		.uleb128 0xb
 1260 00b3 3B       		.uleb128 0x3b
 1261 00b4 0B       		.uleb128 0xb
 1262 00b5 49       		.uleb128 0x49
 1263 00b6 13       		.uleb128 0x13
 1264 00b7 38       		.uleb128 0x38
 1265 00b8 0B       		.uleb128 0xb
 1266 00b9 00       		.byte	0
 1267 00ba 00       		.byte	0
 1268 00bb 10       		.uleb128 0x10
 1269 00bc 0D       		.uleb128 0xd
 1270 00bd 00       		.byte	0
 1271 00be 03       		.uleb128 0x3
 1272 00bf 0E       		.uleb128 0xe
 1273 00c0 3A       		.uleb128 0x3a
 1274 00c1 0B       		.uleb128 0xb
 1275 00c2 3B       		.uleb128 0x3b
 1276 00c3 0B       		.uleb128 0xb
 1277 00c4 49       		.uleb128 0x49
 1278 00c5 13       		.uleb128 0x13
 1279 00c6 38       		.uleb128 0x38
 1280 00c7 0B       		.uleb128 0xb
 1281 00c8 00       		.byte	0
 1282 00c9 00       		.byte	0
 1283 00ca 11       		.uleb128 0x11
 1284 00cb 17       		.uleb128 0x17
 1285 00cc 01       		.byte	0x1
 1286 00cd 0B       		.uleb128 0xb
 1287 00ce 0B       		.uleb128 0xb
 1288 00cf 3A       		.uleb128 0x3a
 1289 00d0 0B       		.uleb128 0xb
 1290 00d1 3B       		.uleb128 0x3b
 1291 00d2 0B       		.uleb128 0xb
 1292 00d3 01       		.uleb128 0x1
 1293 00d4 13       		.uleb128 0x13
 1294 00d5 00       		.byte	0
 1295 00d6 00       		.byte	0
 1296 00d7 12       		.uleb128 0x12
 1297 00d8 0D       		.uleb128 0xd
 1298 00d9 00       		.byte	0
 1299 00da 03       		.uleb128 0x3
 1300 00db 08       		.uleb128 0x8
 1301 00dc 3A       		.uleb128 0x3a
 1302 00dd 0B       		.uleb128 0xb
 1303 00de 3B       		.uleb128 0x3b
 1304 00df 0B       		.uleb128 0xb
 1305 00e0 49       		.uleb128 0x49
 1306 00e1 13       		.uleb128 0x13
 1307 00e2 00       		.byte	0
 1308 00e3 00       		.byte	0
 1309 00e4 13       		.uleb128 0x13
 1310 00e5 2E       		.uleb128 0x2e
ARM GAS  c:\Tmp\cckhUzw7.s 			page 24


 1311 00e6 00       		.byte	0
 1312 00e7 3F       		.uleb128 0x3f
 1313 00e8 19       		.uleb128 0x19
 1314 00e9 03       		.uleb128 0x3
 1315 00ea 0E       		.uleb128 0xe
 1316 00eb 3A       		.uleb128 0x3a
 1317 00ec 0B       		.uleb128 0xb
 1318 00ed 3B       		.uleb128 0x3b
 1319 00ee 0B       		.uleb128 0xb
 1320 00ef 27       		.uleb128 0x27
 1321 00f0 19       		.uleb128 0x19
 1322 00f1 11       		.uleb128 0x11
 1323 00f2 01       		.uleb128 0x1
 1324 00f3 12       		.uleb128 0x12
 1325 00f4 06       		.uleb128 0x6
 1326 00f5 40       		.uleb128 0x40
 1327 00f6 18       		.uleb128 0x18
 1328 00f7 9642     		.uleb128 0x2116
 1329 00f9 19       		.uleb128 0x19
 1330 00fa 00       		.byte	0
 1331 00fb 00       		.byte	0
 1332 00fc 14       		.uleb128 0x14
 1333 00fd 34       		.uleb128 0x34
 1334 00fe 00       		.byte	0
 1335 00ff 03       		.uleb128 0x3
 1336 0100 0E       		.uleb128 0xe
 1337 0101 3A       		.uleb128 0x3a
 1338 0102 0B       		.uleb128 0xb
 1339 0103 3B       		.uleb128 0x3b
 1340 0104 05       		.uleb128 0x5
 1341 0105 49       		.uleb128 0x49
 1342 0106 13       		.uleb128 0x13
 1343 0107 3F       		.uleb128 0x3f
 1344 0108 19       		.uleb128 0x19
 1345 0109 3C       		.uleb128 0x3c
 1346 010a 19       		.uleb128 0x19
 1347 010b 00       		.byte	0
 1348 010c 00       		.byte	0
 1349 010d 15       		.uleb128 0x15
 1350 010e 34       		.uleb128 0x34
 1351 010f 00       		.byte	0
 1352 0110 03       		.uleb128 0x3
 1353 0111 0E       		.uleb128 0xe
 1354 0112 3A       		.uleb128 0x3a
 1355 0113 0B       		.uleb128 0xb
 1356 0114 3B       		.uleb128 0x3b
 1357 0115 0B       		.uleb128 0xb
 1358 0116 49       		.uleb128 0x49
 1359 0117 13       		.uleb128 0x13
 1360 0118 3F       		.uleb128 0x3f
 1361 0119 19       		.uleb128 0x19
 1362 011a 02       		.uleb128 0x2
 1363 011b 18       		.uleb128 0x18
 1364 011c 00       		.byte	0
 1365 011d 00       		.byte	0
 1366 011e 00       		.byte	0
 1367              		.section	.debug_aranges,"",%progbits
ARM GAS  c:\Tmp\cckhUzw7.s 			page 25


 1368 0000 2C000000 		.4byte	0x2c
 1369 0004 0200     		.2byte	0x2
 1370 0006 00000000 		.4byte	.Ldebug_info0
 1371 000a 04       		.byte	0x4
 1372 000b 00       		.byte	0
 1373 000c 0000     		.2byte	0
 1374 000e 0000     		.2byte	0
 1375 0010 00000000 		.4byte	.LFB118
 1376 0014 90000000 		.4byte	.LFE118-.LFB118
 1377 0018 00000000 		.4byte	.LFB119
 1378 001c 68000000 		.4byte	.LFE119-.LFB119
 1379 0020 00000000 		.4byte	.LFB120
 1380 0024 30000000 		.4byte	.LFE120-.LFB120
 1381 0028 00000000 		.4byte	0
 1382 002c 00000000 		.4byte	0
 1383              		.section	.debug_ranges,"",%progbits
 1384              	.Ldebug_ranges0:
 1385 0000 00000000 		.4byte	.LFB118
 1386 0004 90000000 		.4byte	.LFE118
 1387 0008 00000000 		.4byte	.LFB119
 1388 000c 68000000 		.4byte	.LFE119
 1389 0010 00000000 		.4byte	.LFB120
 1390 0014 30000000 		.4byte	.LFE120
 1391 0018 00000000 		.4byte	0
 1392 001c 00000000 		.4byte	0
 1393              		.section	.debug_line,"",%progbits
 1394              	.Ldebug_line0:
 1395 0000 C0010000 		.section	.debug_str,"MS",%progbits,1
 1395      02006D01 
 1395      00000201 
 1395      FB0E0D00 
 1395      01010101 
 1396              	.LASF161:
 1397 0000 636F756E 		.ascii	"count\000"
 1397      7400
 1398              	.LASF151:
 1399 0006 50555044 		.ascii	"PUPDR\000"
 1399      5200
 1400              	.LASF153:
 1401 000c 4C434B52 		.ascii	"LCKR\000"
 1401      00
 1402              	.LASF46:
 1403 0011 43414E31 		.ascii	"CAN1_RX0_IRQn\000"
 1403      5F525830 
 1403      5F495251 
 1403      6E00
 1404              	.LASF27:
 1405 001f 5056445F 		.ascii	"PVD_IRQn\000"
 1405      4952516E 
 1405      00
 1406              	.LASF90:
 1407 0028 43414E32 		.ascii	"CAN2_RX0_IRQn\000"
 1407      5F525830 
 1407      5F495251 
 1407      6E00
 1408              	.LASF47:
 1409 0036 43414E31 		.ascii	"CAN1_RX1_IRQn\000"
ARM GAS  c:\Tmp\cckhUzw7.s 			page 26


 1409      5F525831 
 1409      5F495251 
 1409      6E00
 1410              	.LASF99:
 1411 0044 49324333 		.ascii	"I2C3_ER_IRQn\000"
 1411      5F45525F 
 1411      4952516E 
 1411      00
 1412              	.LASF57:
 1413 0051 49324331 		.ascii	"I2C1_EV_IRQn\000"
 1413      5F45565F 
 1413      4952516E 
 1413      00
 1414              	.LASF149:
 1415 005e 4F545950 		.ascii	"OTYPER\000"
 1415      455200
 1416              	.LASF94:
 1417 0065 444D4132 		.ascii	"DMA2_Stream5_IRQn\000"
 1417      5F537472 
 1417      65616D35 
 1417      5F495251 
 1417      6E00
 1418              	.LASF110:
 1419 0077 53574945 		.ascii	"SWIER\000"
 1419      5200
 1420              	.LASF112:
 1421 007d 4D454D52 		.ascii	"MEMRMP\000"
 1421      4D5000
 1422              	.LASF148:
 1423 0084 4D4F4445 		.ascii	"MODER\000"
 1423      5200
 1424              	.LASF11:
 1425 008a 6C6F6E67 		.ascii	"long long unsigned int\000"
 1425      206C6F6E 
 1425      6720756E 
 1425      7369676E 
 1425      65642069 
 1426              	.LASF67:
 1427 00a1 5254435F 		.ascii	"RTC_Alarm_IRQn\000"
 1427      416C6172 
 1427      6D5F4952 
 1427      516E00
 1428              	.LASF60:
 1429 00b0 49324332 		.ascii	"I2C2_ER_IRQn\000"
 1429      5F45525F 
 1429      4952516E 
 1429      00
 1430              	.LASF56:
 1431 00bd 54494D34 		.ascii	"TIM4_IRQn\000"
 1431      5F495251 
 1431      6E00
 1432              	.LASF29:
 1433 00c7 5254435F 		.ascii	"RTC_WKUP_IRQn\000"
 1433      574B5550 
 1433      5F495251 
 1433      6E00
 1434              	.LASF26:
ARM GAS  c:\Tmp\cckhUzw7.s 			page 27


 1435 00d5 57574447 		.ascii	"WWDG_IRQn\000"
 1435      5F495251 
 1435      6E00
 1436              	.LASF75:
 1437 00df 5344494F 		.ascii	"SDIO_IRQn\000"
 1437      5F495251 
 1437      6E00
 1438              	.LASF133:
 1439 00e9 41484231 		.ascii	"AHB1LPENR\000"
 1439      4C50454E 
 1439      5200
 1440              	.LASF72:
 1441 00f3 54494D38 		.ascii	"TIM8_CC_IRQn\000"
 1441      5F43435F 
 1441      4952516E 
 1441      00
 1442              	.LASF145:
 1443 0100 44434B43 		.ascii	"DCKCFGR\000"
 1443      46475200 
 1444              	.LASF10:
 1445 0108 6C6F6E67 		.ascii	"long long int\000"
 1445      206C6F6E 
 1445      6720696E 
 1445      7400
 1446              	.LASF1:
 1447 0116 7369676E 		.ascii	"signed char\000"
 1447      65642063 
 1447      68617200 
 1448              	.LASF91:
 1449 0122 43414E32 		.ascii	"CAN2_RX1_IRQn\000"
 1449      5F525831 
 1449      5F495251 
 1449      6E00
 1450              	.LASF152:
 1451 0130 42535252 		.ascii	"BSRR\000"
 1451      00
 1452              	.LASF119:
 1453 0135 41484231 		.ascii	"AHB1RSTR\000"
 1453      52535452 
 1453      00
 1454              	.LASF106:
 1455 013e 48415348 		.ascii	"HASH_RNG_IRQn\000"
 1455      5F524E47 
 1455      5F495251 
 1455      6E00
 1456              	.LASF95:
 1457 014c 444D4132 		.ascii	"DMA2_Stream6_IRQn\000"
 1457      5F537472 
 1457      65616D36 
 1457      5F495251 
 1457      6E00
 1458              	.LASF7:
 1459 015e 6C6F6E67 		.ascii	"long int\000"
 1459      20696E74 
 1459      00
 1460              	.LASF124:
 1461 0167 41504232 		.ascii	"APB2RSTR\000"
ARM GAS  c:\Tmp\cckhUzw7.s 			page 28


 1461      52535452 
 1461      00
 1462              	.LASF137:
 1463 0170 41504231 		.ascii	"APB1LPENR\000"
 1463      4C50454E 
 1463      5200
 1464              	.LASF42:
 1465 017a 444D4131 		.ascii	"DMA1_Stream5_IRQn\000"
 1465      5F537472 
 1465      65616D35 
 1465      5F495251 
 1465      6E00
 1466              	.LASF49:
 1467 018c 45585449 		.ascii	"EXTI9_5_IRQn\000"
 1467      395F355F 
 1467      4952516E 
 1467      00
 1468              	.LASF88:
 1469 0199 4554485F 		.ascii	"ETH_WKUP_IRQn\000"
 1469      574B5550 
 1469      5F495251 
 1469      6E00
 1470              	.LASF80:
 1471 01a7 54494D36 		.ascii	"TIM6_DAC_IRQn\000"
 1471      5F444143 
 1471      5F495251 
 1471      6E00
 1472              	.LASF117:
 1473 01b5 504C4C43 		.ascii	"PLLCFGR\000"
 1473      46475200 
 1474              	.LASF78:
 1475 01bd 55415254 		.ascii	"UART4_IRQn\000"
 1475      345F4952 
 1475      516E00
 1476              	.LASF68:
 1477 01c8 4F54475F 		.ascii	"OTG_FS_WKUP_IRQn\000"
 1477      46535F57 
 1477      4B55505F 
 1477      4952516E 
 1477      00
 1478              	.LASF24:
 1479 01d9 50656E64 		.ascii	"PendSV_IRQn\000"
 1479      53565F49 
 1479      52516E00 
 1480              	.LASF70:
 1481 01e5 54494D38 		.ascii	"TIM8_UP_TIM13_IRQn\000"
 1481      5F55505F 
 1481      54494D31 
 1481      335F4952 
 1481      516E00
 1482              	.LASF150:
 1483 01f8 4F535045 		.ascii	"OSPEEDR\000"
 1483      45445200 
 1484              	.LASF8:
 1485 0200 5F5F7569 		.ascii	"__uint32_t\000"
 1485      6E743332 
 1485      5F7400
ARM GAS  c:\Tmp\cckhUzw7.s 			page 29


 1486              	.LASF20:
 1487 020b 42757346 		.ascii	"BusFault_IRQn\000"
 1487      61756C74 
 1487      5F495251 
 1487      6E00
 1488              	.LASF96:
 1489 0219 444D4132 		.ascii	"DMA2_Stream7_IRQn\000"
 1489      5F537472 
 1489      65616D37 
 1489      5F495251 
 1489      6E00
 1490              	.LASF0:
 1491 022b 756E7369 		.ascii	"unsigned int\000"
 1491      676E6564 
 1491      20696E74 
 1491      00
 1492              	.LASF40:
 1493 0238 444D4131 		.ascii	"DMA1_Stream3_IRQn\000"
 1493      5F537472 
 1493      65616D33 
 1493      5F495251 
 1493      6E00
 1494              	.LASF12:
 1495 024a 75696E74 		.ascii	"uint16_t\000"
 1495      31365F74 
 1495      00
 1496              	.LASF43:
 1497 0253 444D4131 		.ascii	"DMA1_Stream6_IRQn\000"
 1497      5F537472 
 1497      65616D36 
 1497      5F495251 
 1497      6E00
 1498              	.LASF108:
 1499 0265 52545352 		.ascii	"RTSR\000"
 1499      00
 1500              	.LASF19:
 1501 026a 4D656D6F 		.ascii	"MemoryManagement_IRQn\000"
 1501      72794D61 
 1501      6E616765 
 1501      6D656E74 
 1501      5F495251 
 1502              	.LASF98:
 1503 0280 49324333 		.ascii	"I2C3_EV_IRQn\000"
 1503      5F45565F 
 1503      4952516E 
 1503      00
 1504              	.LASF9:
 1505 028d 6C6F6E67 		.ascii	"long unsigned int\000"
 1505      20756E73 
 1505      69676E65 
 1505      6420696E 
 1505      7400
 1506              	.LASF156:
 1507 029f 4750494F 		.ascii	"GPIO_TypeDef\000"
 1507      5F547970 
 1507      65446566 
 1507      00
ARM GAS  c:\Tmp\cckhUzw7.s 			page 30


 1508              	.LASF146:
 1509 02ac 5243435F 		.ascii	"RCC_TypeDef\000"
 1509      54797065 
 1509      44656600 
 1510              	.LASF100:
 1511 02b8 4F54475F 		.ascii	"OTG_HS_EP1_OUT_IRQn\000"
 1511      48535F45 
 1511      50315F4F 
 1511      55545F49 
 1511      52516E00 
 1512              	.LASF22:
 1513 02cc 53564361 		.ascii	"SVCall_IRQn\000"
 1513      6C6C5F49 
 1513      52516E00 
 1514              	.LASF4:
 1515 02d8 73686F72 		.ascii	"short unsigned int\000"
 1515      7420756E 
 1515      7369676E 
 1515      65642069 
 1515      6E7400
 1516              	.LASF84:
 1517 02eb 444D4132 		.ascii	"DMA2_Stream2_IRQn\000"
 1517      5F537472 
 1517      65616D32 
 1517      5F495251 
 1517      6E00
 1518              	.LASF143:
 1519 02fd 504C4C49 		.ascii	"PLLI2SCFGR\000"
 1519      32534346 
 1519      475200
 1520              	.LASF45:
 1521 0308 43414E31 		.ascii	"CAN1_TX_IRQn\000"
 1521      5F54585F 
 1521      4952516E 
 1521      00
 1522              	.LASF121:
 1523 0315 41484233 		.ascii	"AHB3RSTR\000"
 1523      52535452 
 1523      00
 1524              	.LASF66:
 1525 031e 45585449 		.ascii	"EXTI15_10_IRQn\000"
 1525      31355F31 
 1525      305F4952 
 1525      516E00
 1526              	.LASF61:
 1527 032d 53504931 		.ascii	"SPI1_IRQn\000"
 1527      5F495251 
 1527      6E00
 1528              	.LASF38:
 1529 0337 444D4131 		.ascii	"DMA1_Stream1_IRQn\000"
 1529      5F537472 
 1529      65616D31 
 1529      5F495251 
 1529      6E00
 1530              	.LASF127:
 1531 0349 41484232 		.ascii	"AHB2ENR\000"
 1531      454E5200 
ARM GAS  c:\Tmp\cckhUzw7.s 			page 31


 1532              	.LASF138:
 1533 0351 41504232 		.ascii	"APB2LPENR\000"
 1533      4C50454E 
 1533      5200
 1534              	.LASF69:
 1535 035b 54494D38 		.ascii	"TIM8_BRK_TIM12_IRQn\000"
 1535      5F42524B 
 1535      5F54494D 
 1535      31325F49 
 1535      52516E00 
 1536              	.LASF25:
 1537 036f 53797354 		.ascii	"SysTick_IRQn\000"
 1537      69636B5F 
 1537      4952516E 
 1537      00
 1538              	.LASF53:
 1539 037c 54494D31 		.ascii	"TIM1_CC_IRQn\000"
 1539      5F43435F 
 1539      4952516E 
 1539      00
 1540              	.LASF71:
 1541 0389 54494D38 		.ascii	"TIM8_TRG_COM_TIM14_IRQn\000"
 1541      5F545247 
 1541      5F434F4D 
 1541      5F54494D 
 1541      31345F49 
 1542              	.LASF165:
 1543 03a1 4952516E 		.ascii	"IRQn\000"
 1543      00
 1544              	.LASF158:
 1545 03a6 56656374 		.ascii	"Vector5C\000"
 1545      6F723543 
 1545      00
 1546              	.LASF16:
 1547 03af 73697A65 		.ascii	"sizetype\000"
 1547      74797065 
 1547      00
 1548              	.LASF87:
 1549 03b8 4554485F 		.ascii	"ETH_IRQn\000"
 1549      4952516E 
 1549      00
 1550              	.LASF51:
 1551 03c1 54494D31 		.ascii	"TIM1_UP_TIM10_IRQn\000"
 1551      5F55505F 
 1551      54494D31 
 1551      305F4952 
 1551      516E00
 1552              	.LASF147:
 1553 03d4 636C6561 		.ascii	"clear\000"
 1553      7200
 1554              	.LASF85:
 1555 03da 444D4132 		.ascii	"DMA2_Stream3_IRQn\000"
 1555      5F537472 
 1555      65616D33 
 1555      5F495251 
 1555      6E00
 1556              	.LASF59:
ARM GAS  c:\Tmp\cckhUzw7.s 			page 32


 1557 03ec 49324332 		.ascii	"I2C2_EV_IRQn\000"
 1557      5F45565F 
 1557      4952516E 
 1557      00
 1558              	.LASF41:
 1559 03f9 444D4131 		.ascii	"DMA1_Stream4_IRQn\000"
 1559      5F537472 
 1559      65616D34 
 1559      5F495251 
 1559      6E00
 1560              	.LASF97:
 1561 040b 55534152 		.ascii	"USART6_IRQn\000"
 1561      54365F49 
 1561      52516E00 
 1562              	.LASF162:
 1563 0417 474E5520 		.ascii	"GNU C 4.8.3 20140228 (release) [ARM/embedded-4_8-br"
 1563      4320342E 
 1563      382E3320 
 1563      32303134 
 1563      30323238 
 1564 044a 616E6368 		.ascii	"anch revision 208322] -mcpu=cortex-m4 -mfloat-abi=h"
 1564      20726576 
 1564      6973696F 
 1564      6E203230 
 1564      38333232 
 1565 047d 61726420 		.ascii	"ard -mfpu=fpv4-sp-d16 -mno-thumb-interwork -mthumb "
 1565      2D6D6670 
 1565      753D6670 
 1565      76342D73 
 1565      702D6431 
 1566 04b0 2D676764 		.ascii	"-ggdb -O0 -fomit-frame-pointer -falign-functions=16"
 1566      62202D4F 
 1566      30202D66 
 1566      6F6D6974 
 1566      2D667261 
 1567 04e3 202D6673 		.ascii	" -fsingle-precision-constant -ffunction-sections -f"
 1567      696E676C 
 1567      652D7072 
 1567      65636973 
 1567      696F6E2D 
 1568 0516 64617461 		.ascii	"data-sections -fno-common\000"
 1568      2D736563 
 1568      74696F6E 
 1568      73202D66 
 1568      6E6F2D63 
 1569              	.LASF76:
 1570 0530 54494D35 		.ascii	"TIM5_IRQn\000"
 1570      5F495251 
 1570      6E00
 1571              	.LASF35:
 1572 053a 45585449 		.ascii	"EXTI3_IRQn\000"
 1572      335F4952 
 1572      516E00
 1573              	.LASF62:
 1574 0545 53504932 		.ascii	"SPI2_IRQn\000"
 1574      5F495251 
 1574      6E00
ARM GAS  c:\Tmp\cckhUzw7.s 			page 33


 1575              	.LASF39:
 1576 054f 444D4131 		.ascii	"DMA1_Stream2_IRQn\000"
 1576      5F537472 
 1576      65616D32 
 1576      5F495251 
 1576      6E00
 1577              	.LASF89:
 1578 0561 43414E32 		.ascii	"CAN2_TX_IRQn\000"
 1578      5F54585F 
 1578      4952516E 
 1578      00
 1579              	.LASF134:
 1580 056e 41484232 		.ascii	"AHB2LPENR\000"
 1580      4C50454E 
 1580      5200
 1581              	.LASF163:
 1582 0578 656E636F 		.ascii	"encoder.c\000"
 1582      6465722E 
 1582      6300
 1583              	.LASF123:
 1584 0582 41504231 		.ascii	"APB1RSTR\000"
 1584      52535452 
 1584      00
 1585              	.LASF103:
 1586 058b 4F54475F 		.ascii	"OTG_HS_IRQn\000"
 1586      48535F49 
 1586      52516E00 
 1587              	.LASF115:
 1588 0597 434D5043 		.ascii	"CMPCR\000"
 1588      5200
 1589              	.LASF155:
 1590 059d 41465248 		.ascii	"AFRH\000"
 1590      00
 1591              	.LASF154:
 1592 05a2 4146524C 		.ascii	"AFRL\000"
 1592      00
 1593              	.LASF144:
 1594 05a7 504C4C53 		.ascii	"PLLSAICFGR\000"
 1594      41494346 
 1594      475200
 1595              	.LASF116:
 1596 05b2 53595343 		.ascii	"SYSCFG_TypeDef\000"
 1596      46475F54 
 1596      79706544 
 1596      656600
 1597              	.LASF159:
 1598 05c1 56656374 		.ascii	"Vector64\000"
 1598      6F723634 
 1598      00
 1599              	.LASF122:
 1600 05ca 52455345 		.ascii	"RESERVED0\000"
 1600      52564544 
 1600      3000
 1601              	.LASF125:
 1602 05d4 52455345 		.ascii	"RESERVED1\000"
 1602      52564544 
 1602      3100
ARM GAS  c:\Tmp\cckhUzw7.s 			page 34


 1603              	.LASF129:
 1604 05de 52455345 		.ascii	"RESERVED2\000"
 1604      52564544 
 1604      3200
 1605              	.LASF132:
 1606 05e8 52455345 		.ascii	"RESERVED3\000"
 1606      52564544 
 1606      3300
 1607              	.LASF136:
 1608 05f2 52455345 		.ascii	"RESERVED4\000"
 1608      52564544 
 1608      3400
 1609              	.LASF139:
 1610 05fc 52455345 		.ascii	"RESERVED5\000"
 1610      52564544 
 1610      3500
 1611              	.LASF141:
 1612 0606 52455345 		.ascii	"RESERVED6\000"
 1612      52564544 
 1612      3600
 1613              	.LASF77:
 1614 0610 53504933 		.ascii	"SPI3_IRQn\000"
 1614      5F495251 
 1614      6E00
 1615              	.LASF86:
 1616 061a 444D4132 		.ascii	"DMA2_Stream4_IRQn\000"
 1616      5F537472 
 1616      65616D34 
 1616      5F495251 
 1616      6E00
 1617              	.LASF74:
 1618 062c 46534D43 		.ascii	"FSMC_IRQn\000"
 1618      5F495251 
 1618      6E00
 1619              	.LASF15:
 1620 0636 5F426F6F 		.ascii	"_Bool\000"
 1620      6C00
 1621              	.LASF13:
 1622 063c 696E7433 		.ascii	"int32_t\000"
 1622      325F7400 
 1623              	.LASF2:
 1624 0644 756E7369 		.ascii	"unsigned char\000"
 1624      676E6564 
 1624      20636861 
 1624      7200
 1625              	.LASF50:
 1626 0652 54494D31 		.ascii	"TIM1_BRK_TIM9_IRQn\000"
 1626      5F42524B 
 1626      5F54494D 
 1626      395F4952 
 1626      516E00
 1627              	.LASF160:
 1628 0665 49544D5F 		.ascii	"ITM_RxBuffer\000"
 1628      52784275 
 1628      66666572 
 1628      00
 1629              	.LASF109:
ARM GAS  c:\Tmp\cckhUzw7.s 			page 35


 1630 0672 46545352 		.ascii	"FTSR\000"
 1630      00
 1631              	.LASF36:
 1632 0677 45585449 		.ascii	"EXTI4_IRQn\000"
 1632      345F4952 
 1632      516E00
 1633              	.LASF157:
 1634 0682 696E6974 		.ascii	"initEncoder\000"
 1634      456E636F 
 1634      64657200 
 1635              	.LASF3:
 1636 068e 73686F72 		.ascii	"short int\000"
 1636      7420696E 
 1636      7400
 1637              	.LASF135:
 1638 0698 41484233 		.ascii	"AHB3LPENR\000"
 1638      4C50454E 
 1638      5200
 1639              	.LASF79:
 1640 06a2 55415254 		.ascii	"UART5_IRQn\000"
 1640      355F4952 
 1640      516E00
 1641              	.LASF52:
 1642 06ad 54494D31 		.ascii	"TIM1_TRG_COM_TIM11_IRQn\000"
 1642      5F545247 
 1642      5F434F4D 
 1642      5F54494D 
 1642      31315F49 
 1643              	.LASF34:
 1644 06c5 45585449 		.ascii	"EXTI2_IRQn\000"
 1644      325F4952 
 1644      516E00
 1645              	.LASF131:
 1646 06d0 41504232 		.ascii	"APB2ENR\000"
 1646      454E5200 
 1647              	.LASF128:
 1648 06d8 41484233 		.ascii	"AHB3ENR\000"
 1648      454E5200 
 1649              	.LASF164:
 1650 06e0 4C3A5C53 		.ascii	"L:\\STM32\\Practica\000"
 1650      544D3332 
 1650      5C507261 
 1650      63746963 
 1650      6100
 1651              	.LASF30:
 1652 06f2 464C4153 		.ascii	"FLASH_IRQn\000"
 1652      485F4952 
 1652      516E00
 1653              	.LASF93:
 1654 06fd 4F54475F 		.ascii	"OTG_FS_IRQn\000"
 1654      46535F49 
 1654      52516E00 
 1655              	.LASF14:
 1656 0709 75696E74 		.ascii	"uint32_t\000"
 1656      33325F74 
 1656      00
 1657              	.LASF64:
ARM GAS  c:\Tmp\cckhUzw7.s 			page 36


 1658 0712 55534152 		.ascii	"USART2_IRQn\000"
 1658      54325F49 
 1658      52516E00 
 1659              	.LASF21:
 1660 071e 55736167 		.ascii	"UsageFault_IRQn\000"
 1660      65466175 
 1660      6C745F49 
 1660      52516E00 
 1661              	.LASF73:
 1662 072e 444D4131 		.ascii	"DMA1_Stream7_IRQn\000"
 1662      5F537472 
 1662      65616D37 
 1662      5F495251 
 1662      6E00
 1663              	.LASF17:
 1664 0740 63686172 		.ascii	"char\000"
 1664      00
 1665              	.LASF105:
 1666 0745 43525950 		.ascii	"CRYP_IRQn\000"
 1666      5F495251 
 1666      6E00
 1667              	.LASF5:
 1668 074f 5F5F7569 		.ascii	"__uint16_t\000"
 1668      6E743136 
 1668      5F7400
 1669              	.LASF120:
 1670 075a 41484232 		.ascii	"AHB2RSTR\000"
 1670      52535452 
 1670      00
 1671              	.LASF81:
 1672 0763 54494D37 		.ascii	"TIM7_IRQn\000"
 1672      5F495251 
 1672      6E00
 1673              	.LASF101:
 1674 076d 4F54475F 		.ascii	"OTG_HS_EP1_IN_IRQn\000"
 1674      48535F45 
 1674      50315F49 
 1674      4E5F4952 
 1674      516E00
 1675              	.LASF114:
 1676 0780 52455345 		.ascii	"RESERVED\000"
 1676      52564544 
 1676      00
 1677              	.LASF18:
 1678 0789 4E6F6E4D 		.ascii	"NonMaskableInt_IRQn\000"
 1678      61736B61 
 1678      626C6549 
 1678      6E745F49 
 1678      52516E00 
 1679              	.LASF6:
 1680 079d 5F5F696E 		.ascii	"__int32_t\000"
 1680      7433325F 
 1680      7400
 1681              	.LASF130:
 1682 07a7 41504231 		.ascii	"APB1ENR\000"
 1682      454E5200 
 1683              	.LASF58:
ARM GAS  c:\Tmp\cckhUzw7.s 			page 37


 1684 07af 49324331 		.ascii	"I2C1_ER_IRQn\000"
 1684      5F45525F 
 1684      4952516E 
 1684      00
 1685              	.LASF28:
 1686 07bc 54414D50 		.ascii	"TAMP_STAMP_IRQn\000"
 1686      5F535441 
 1686      4D505F49 
 1686      52516E00 
 1687              	.LASF23:
 1688 07cc 44656275 		.ascii	"DebugMonitor_IRQn\000"
 1688      674D6F6E 
 1688      69746F72 
 1688      5F495251 
 1688      6E00
 1689              	.LASF82:
 1690 07de 444D4132 		.ascii	"DMA2_Stream0_IRQn\000"
 1690      5F537472 
 1690      65616D30 
 1690      5F495251 
 1690      6E00
 1691              	.LASF65:
 1692 07f0 55534152 		.ascii	"USART3_IRQn\000"
 1692      54335F49 
 1692      52516E00 
 1693              	.LASF142:
 1694 07fc 53534347 		.ascii	"SSCGR\000"
 1694      5200
 1695              	.LASF54:
 1696 0802 54494D32 		.ascii	"TIM2_IRQn\000"
 1696      5F495251 
 1696      6E00
 1697              	.LASF32:
 1698 080c 45585449 		.ascii	"EXTI0_IRQn\000"
 1698      305F4952 
 1698      516E00
 1699              	.LASF63:
 1700 0817 55534152 		.ascii	"USART1_IRQn\000"
 1700      54315F49 
 1700      52516E00 
 1701              	.LASF140:
 1702 0823 42444352 		.ascii	"BDCR\000"
 1702      00
 1703              	.LASF104:
 1704 0828 44434D49 		.ascii	"DCMI_IRQn\000"
 1704      5F495251 
 1704      6E00
 1705              	.LASF126:
 1706 0832 41484231 		.ascii	"AHB1ENR\000"
 1706      454E5200 
 1707              	.LASF107:
 1708 083a 4650555F 		.ascii	"FPU_IRQn\000"
 1708      4952516E 
 1708      00
 1709              	.LASF118:
 1710 0843 43464752 		.ascii	"CFGR\000"
 1710      00
ARM GAS  c:\Tmp\cckhUzw7.s 			page 38


 1711              	.LASF111:
 1712 0848 45585449 		.ascii	"EXTI_TypeDef\000"
 1712      5F547970 
 1712      65446566 
 1712      00
 1713              	.LASF44:
 1714 0855 4144435F 		.ascii	"ADC_IRQn\000"
 1714      4952516E 
 1714      00
 1715              	.LASF83:
 1716 085e 444D4132 		.ascii	"DMA2_Stream1_IRQn\000"
 1716      5F537472 
 1716      65616D31 
 1716      5F495251 
 1716      6E00
 1717              	.LASF48:
 1718 0870 43414E31 		.ascii	"CAN1_SCE_IRQn\000"
 1718      5F534345 
 1718      5F495251 
 1718      6E00
 1719              	.LASF92:
 1720 087e 43414E32 		.ascii	"CAN2_SCE_IRQn\000"
 1720      5F534345 
 1720      5F495251 
 1720      6E00
 1721              	.LASF31:
 1722 088c 5243435F 		.ascii	"RCC_IRQn\000"
 1722      4952516E 
 1722      00
 1723              	.LASF102:
 1724 0895 4F54475F 		.ascii	"OTG_HS_WKUP_IRQn\000"
 1724      48535F57 
 1724      4B55505F 
 1724      4952516E 
 1724      00
 1725              	.LASF55:
 1726 08a6 54494D33 		.ascii	"TIM3_IRQn\000"
 1726      5F495251 
 1726      6E00
 1727              	.LASF113:
 1728 08b0 45585449 		.ascii	"EXTICR\000"
 1728      435200
 1729              	.LASF33:
 1730 08b7 45585449 		.ascii	"EXTI1_IRQn\000"
 1730      315F4952 
 1730      516E00
 1731              	.LASF37:
 1732 08c2 444D4131 		.ascii	"DMA1_Stream0_IRQn\000"
 1732      5F537472 
 1732      65616D30 
 1732      5F495251 
 1732      6E00
 1733              		.ident	"GCC: (GNU Tools for ARM Embedded Processors) 4.8.3 20140228 (release) [ARM/embedded-4_8-br
ARM GAS  c:\Tmp\cckhUzw7.s 			page 39


DEFINED SYMBOLS
                            *ABS*:00000000 encoder.c
   c:\Tmp\cckhUzw7.s:25     .bss.count:00000000 count
   c:\Tmp\cckhUzw7.s:22     .bss.count:00000000 $d
   c:\Tmp\cckhUzw7.s:28     .text.initEncoder:00000000 $t
   c:\Tmp\cckhUzw7.s:34     .text.initEncoder:00000000 initEncoder
   c:\Tmp\cckhUzw7.s:111    .text.initEncoder:00000080 $d
   c:\Tmp\cckhUzw7.s:119    .text.Vector5C:00000000 $t
   c:\Tmp\cckhUzw7.s:125    .text.Vector5C:00000000 Vector5C
   c:\Tmp\cckhUzw7.s:189    .text.Vector5C:0000005c $d
   c:\Tmp\cckhUzw7.s:196    .text.Vector64:00000000 $t
   c:\Tmp\cckhUzw7.s:202    .text.Vector64:00000000 Vector64
   c:\Tmp\cckhUzw7.s:239    .text.Vector64:0000002c $d
                     .debug_frame:00000010 $d
   c:\Tmp\cckhUzw7.s:195    .text.Vector5C:00000068 $t

UNDEFINED SYMBOLS
nvicEnableVector
_port_irq_epilogue
