ARM GAS  c:\Tmp\ccbAUOeH.s 			page 1


   1              		.syntax unified
   2              		.cpu cortex-m4
   3              		.eabi_attribute 27, 3
   4              		.eabi_attribute 28, 1
   5              		.fpu fpv4-sp-d16
   6              		.eabi_attribute 20, 1
   7              		.eabi_attribute 21, 1
   8              		.eabi_attribute 23, 3
   9              		.eabi_attribute 24, 1
  10              		.eabi_attribute 25, 1
  11              		.eabi_attribute 26, 1
  12              		.eabi_attribute 30, 6
  13              		.eabi_attribute 34, 1
  14              		.eabi_attribute 18, 4
  15              		.thumb
  16              		.file	"int.c"
  17              		.text
  18              	.Ltext0:
  19              		.cfi_sections	.debug_frame
  20              		.global	switchFlag
  21              		.section	.bss.switchFlag,"aw",%nobits
  22              		.align	2
  23              		.type	switchFlag, %object
  24              		.size	switchFlag, 4
  25              	switchFlag:
  26 0000 00000000 		.space	4
  27              		.section	.rodata
  28              		.align	2
  29              	.LC0:
  30 0000 59203D20 		.ascii	"Y = \000"
  30      00
  31 0005 000000   		.align	2
  32              	.LC1:
  33 0008 20202020 		.ascii	"    \000"
  33      00
  34 000d 000000   		.section	.text.interruptTest,"ax",%progbits
  35              		.align	2
  36              		.p2align 4,,15
  37              		.global	interruptTest
  38              		.thumb
  39              		.thumb_func
  40              		.type	interruptTest, %function
  41              	interruptTest:
  42              	.LFB118:
  43              		.file 1 "int.c"
  44              		.loc 1 36 0
  45              		.cfi_startproc
  46              		@ args = 0, pretend = 0, frame = 24
  47              		@ frame_needed = 0, uses_anonymous_args = 0
  48 0000 00B5     		push	{lr}
  49              		.cfi_def_cfa_offset 4
  50              		.cfi_offset 14, -4
  51 0002 87B0     		sub	sp, sp, #28
  52              		.cfi_def_cfa_offset 32
  53              		.loc 1 38 0
  54 0004 274B     		ldr	r3, .L4
  55 0006 274A     		ldr	r2, .L4
ARM GAS  c:\Tmp\ccbAUOeH.s 			page 2


  56 0008 526C     		ldr	r2, [r2, #68]
  57 000a 42F48042 		orr	r2, r2, #16384
  58 000e 5A64     		str	r2, [r3, #68]
  59              		.loc 1 41 0
  60 0010 254B     		ldr	r3, .L4+4
  61 0012 254A     		ldr	r2, .L4+4
  62 0014 9268     		ldr	r2, [r2, #8]
  63 0016 22F00F02 		bic	r2, r2, #15
  64 001a 9A60     		str	r2, [r3, #8]
  65              		.loc 1 44 0
  66 001c 234B     		ldr	r3, .L4+8
  67 001e 234A     		ldr	r2, .L4+8
  68 0020 1268     		ldr	r2, [r2]
  69 0022 42F00102 		orr	r2, r2, #1
  70 0026 1A60     		str	r2, [r3]
  71              		.loc 1 47 0
  72 0028 204B     		ldr	r3, .L4+8
  73 002a 204A     		ldr	r2, .L4+8
  74 002c 9268     		ldr	r2, [r2, #8]
  75 002e 42F00102 		orr	r2, r2, #1
  76 0032 9A60     		str	r2, [r3, #8]
  77              		.loc 1 48 0
  78 0034 1D4B     		ldr	r3, .L4+8
  79 0036 1D4A     		ldr	r2, .L4+8
  80 0038 D268     		ldr	r2, [r2, #12]
  81 003a 22F00102 		bic	r2, r2, #1
  82 003e DA60     		str	r2, [r3, #12]
  83              		.loc 1 51 0
  84 0040 1A4B     		ldr	r3, .L4+8
  85 0042 0122     		movs	r2, #1
  86 0044 5A61     		str	r2, [r3, #20]
  87              		.loc 1 54 0
  88 0046 0620     		movs	r0, #6
  89 0048 6021     		movs	r1, #96
  90 004a FFF7FEFF 		bl	nvicEnableVector
  91              		.loc 1 57 0
  92 004e 0020     		movs	r0, #0
  93 0050 0021     		movs	r1, #0
  94 0052 FFF7FEFF 		bl	LCD_GotoXY
  95              		.loc 1 58 0
  96 0056 1648     		ldr	r0, .L4+12
  97 0058 FFF7FEFF 		bl	LCD_SendString
  98              	.L3:
  99              		.loc 1 61 0
 100 005c 154B     		ldr	r3, .L4+16
 101 005e 0022     		movs	r2, #0
 102 0060 1A60     		str	r2, [r3]
 103              		.loc 1 64 0
 104 0062 00BF     		nop
 105              	.L2:
 106              		.loc 1 64 0 is_stmt 0 discriminator 1
 107 0064 134B     		ldr	r3, .L4+16
 108 0066 1B68     		ldr	r3, [r3]
 109 0068 002B     		cmp	r3, #0
 110 006a FBD0     		beq	.L2
 111              		.loc 1 66 0 is_stmt 1
 112 006c 2B20     		movs	r0, #43
ARM GAS  c:\Tmp\ccbAUOeH.s 			page 3


 113 006e 0121     		movs	r1, #1
 114 0070 FFF7FEFF 		bl	readAccel
 115 0074 0246     		mov	r2, r0
 116 0076 01AB     		add	r3, sp, #4
 117 0078 1046     		mov	r0, r2
 118 007a 1946     		mov	r1, r3
 119 007c 0A22     		movs	r2, #10
 120 007e FFF7FEFF 		bl	itoa
 121              		.loc 1 67 0
 122 0082 0420     		movs	r0, #4
 123 0084 0021     		movs	r1, #0
 124 0086 FFF7FEFF 		bl	LCD_GotoXY
 125              		.loc 1 68 0
 126 008a 0B48     		ldr	r0, .L4+20
 127 008c FFF7FEFF 		bl	LCD_SendString
 128              		.loc 1 69 0
 129 0090 0420     		movs	r0, #4
 130 0092 0021     		movs	r1, #0
 131 0094 FFF7FEFF 		bl	LCD_GotoXY
 132              		.loc 1 70 0
 133 0098 01AB     		add	r3, sp, #4
 134 009a 1846     		mov	r0, r3
 135 009c FFF7FEFF 		bl	LCD_SendString
 136              		.loc 1 72 0
 137 00a0 DCE7     		b	.L3
 138              	.L5:
 139 00a2 00BF     		.align	2
 140              	.L4:
 141 00a4 00380240 		.word	1073887232
 142 00a8 00380140 		.word	1073821696
 143 00ac 003C0140 		.word	1073822720
 144 00b0 00000000 		.word	.LC0
 145 00b4 00000000 		.word	switchFlag
 146 00b8 08000000 		.word	.LC1
 147              		.cfi_endproc
 148              	.LFE118:
 149              		.size	interruptTest, .-interruptTest
 150 00bc AFF30080 		.section	.text.Vector58,"ax",%progbits
 151              		.align	2
 152              		.p2align 4,,15
 153              		.global	Vector58
 154              		.thumb
 155              		.thumb_func
 156              		.type	Vector58, %function
 157              	Vector58:
 158              	.LFB119:
 159              		.loc 1 89 0
 160              		.cfi_startproc
 161              		@ args = 0, pretend = 0, frame = 0
 162              		@ frame_needed = 0, uses_anonymous_args = 0
 163 0000 08B5     		push	{r3, lr}
 164              		.cfi_def_cfa_offset 8
 165              		.cfi_offset 3, -8
 166              		.cfi_offset 14, -4
 167              		.loc 1 93 0
 168 0002 074B     		ldr	r3, .L7
 169 0004 0122     		movs	r2, #1
ARM GAS  c:\Tmp\ccbAUOeH.s 			page 4


 170 0006 5A61     		str	r2, [r3, #20]
 171              		.loc 1 96 0
 172 0008 064B     		ldr	r3, .L7+4
 173 000a 064A     		ldr	r2, .L7+4
 174 000c 5269     		ldr	r2, [r2, #20]
 175 000e 82F48052 		eor	r2, r2, #4096
 176 0012 5A61     		str	r2, [r3, #20]
 177              		.loc 1 99 0
 178 0014 044B     		ldr	r3, .L7+8
 179 0016 0122     		movs	r2, #1
 180 0018 1A60     		str	r2, [r3]
 181              		.loc 1 101 0
 182 001a FFF7FEFF 		bl	_port_irq_epilogue
 183              		.loc 1 102 0
 184 001e 08BD     		pop	{r3, pc}
 185              	.L8:
 186              		.align	2
 187              	.L7:
 188 0020 003C0140 		.word	1073822720
 189 0024 000C0240 		.word	1073875968
 190 0028 00000000 		.word	switchFlag
 191              		.cfi_endproc
 192              	.LFE119:
 193              		.size	Vector58, .-Vector58
 194 002c AFF30080 		.text
 195              	.Letext0:
 196              		.file 2 "c:\\stm32v2\\gnu-arm\\arm-none-eabi\\include\\machine\\_default_types.h"
 197              		.file 3 "c:\\stm32v2\\gnu-arm\\arm-none-eabi\\include\\stdint.h"
 198              		.file 4 "C:/STM32v2/ChibiOS_2.6.2/os/hal/platforms/STM32F4xx/stm32f4xx.h"
 199              		.file 5 "C:/STM32v2/ChibiOS_2.6.2/os/hal/platforms/STM32/GPIOv2/pal_lld.h"
 200              		.file 6 "C:/STM32v2/ChibiOS_2.6.2/os/ports/common/ARMCMx/CMSIS/include/core_cm4.h"
 201              		.section	.debug_info,"",%progbits
 202              	.Ldebug_info0:
 203 0000 CC060000 		.4byte	0x6cc
 204 0004 0400     		.2byte	0x4
 205 0006 00000000 		.4byte	.Ldebug_abbrev0
 206 000a 04       		.byte	0x4
 207 000b 01       		.uleb128 0x1
 208 000c 22040000 		.4byte	.LASF159
 209 0010 01       		.byte	0x1
 210 0011 B7000000 		.4byte	.LASF160
 211 0015 DA060000 		.4byte	.LASF161
 212 0019 00000000 		.4byte	.Ldebug_ranges0+0
 213 001d 00000000 		.4byte	0
 214 0021 00000000 		.4byte	.Ldebug_line0
 215 0025 02       		.uleb128 0x2
 216 0026 04       		.byte	0x4
 217 0027 05       		.byte	0x5
 218 0028 696E7400 		.ascii	"int\000"
 219 002c 03       		.uleb128 0x3
 220 002d 04       		.byte	0x4
 221 002e 07       		.byte	0x7
 222 002f 36020000 		.4byte	.LASF0
 223 0033 03       		.uleb128 0x3
 224 0034 01       		.byte	0x1
 225 0035 06       		.byte	0x6
 226 0036 16010000 		.4byte	.LASF1
ARM GAS  c:\Tmp\ccbAUOeH.s 			page 5


 227 003a 03       		.uleb128 0x3
 228 003b 01       		.byte	0x1
 229 003c 08       		.byte	0x8
 230 003d 3C060000 		.4byte	.LASF2
 231 0041 03       		.uleb128 0x3
 232 0042 02       		.byte	0x2
 233 0043 05       		.byte	0x5
 234 0044 88060000 		.4byte	.LASF3
 235 0048 04       		.uleb128 0x4
 236 0049 50070000 		.4byte	.LASF5
 237 004d 02       		.byte	0x2
 238 004e 26       		.byte	0x26
 239 004f 53000000 		.4byte	0x53
 240 0053 03       		.uleb128 0x3
 241 0054 02       		.byte	0x2
 242 0055 07       		.byte	0x7
 243 0056 E3020000 		.4byte	.LASF4
 244 005a 04       		.uleb128 0x4
 245 005b 9E070000 		.4byte	.LASF6
 246 005f 02       		.byte	0x2
 247 0060 37       		.byte	0x37
 248 0061 65000000 		.4byte	0x65
 249 0065 03       		.uleb128 0x3
 250 0066 04       		.byte	0x4
 251 0067 05       		.byte	0x5
 252 0068 50010000 		.4byte	.LASF7
 253 006c 04       		.uleb128 0x4
 254 006d 0B020000 		.4byte	.LASF8
 255 0071 02       		.byte	0x2
 256 0072 38       		.byte	0x38
 257 0073 77000000 		.4byte	0x77
 258 0077 03       		.uleb128 0x3
 259 0078 04       		.byte	0x4
 260 0079 07       		.byte	0x7
 261 007a 98020000 		.4byte	.LASF9
 262 007e 03       		.uleb128 0x3
 263 007f 08       		.byte	0x8
 264 0080 05       		.byte	0x5
 265 0081 08010000 		.4byte	.LASF10
 266 0085 03       		.uleb128 0x3
 267 0086 08       		.byte	0x8
 268 0087 07       		.byte	0x7
 269 0088 84000000 		.4byte	.LASF11
 270 008c 04       		.uleb128 0x4
 271 008d 55020000 		.4byte	.LASF12
 272 0091 03       		.byte	0x3
 273 0092 36       		.byte	0x36
 274 0093 48000000 		.4byte	0x48
 275 0097 04       		.uleb128 0x4
 276 0098 34060000 		.4byte	.LASF13
 277 009c 03       		.byte	0x3
 278 009d 41       		.byte	0x41
 279 009e 5A000000 		.4byte	0x5a
 280 00a2 04       		.uleb128 0x4
 281 00a3 0A070000 		.4byte	.LASF14
 282 00a7 03       		.byte	0x3
 283 00a8 42       		.byte	0x42
ARM GAS  c:\Tmp\ccbAUOeH.s 			page 6


 284 00a9 6C000000 		.4byte	0x6c
 285 00ad 03       		.uleb128 0x3
 286 00ae 01       		.byte	0x1
 287 00af 02       		.byte	0x2
 288 00b0 2E060000 		.4byte	.LASF15
 289 00b4 05       		.uleb128 0x5
 290 00b5 A2000000 		.4byte	0xa2
 291 00b9 03       		.uleb128 0x3
 292 00ba 04       		.byte	0x4
 293 00bb 07       		.byte	0x7
 294 00bc BA030000 		.4byte	.LASF16
 295 00c0 03       		.uleb128 0x3
 296 00c1 01       		.byte	0x1
 297 00c2 08       		.byte	0x8
 298 00c3 41070000 		.4byte	.LASF17
 299 00c7 06       		.uleb128 0x6
 300 00c8 B5030000 		.4byte	.LASF162
 301 00cc 01       		.byte	0x1
 302 00cd 04       		.byte	0x4
 303 00ce AA       		.byte	0xaa
 304 00cf 02030000 		.4byte	0x302
 305 00d3 07       		.uleb128 0x7
 306 00d4 8A070000 		.4byte	.LASF18
 307 00d8 72       		.sleb128 -14
 308 00d9 07       		.uleb128 0x7
 309 00da 75020000 		.4byte	.LASF19
 310 00de 74       		.sleb128 -12
 311 00df 07       		.uleb128 0x7
 312 00e0 16020000 		.4byte	.LASF20
 313 00e4 75       		.sleb128 -11
 314 00e5 07       		.uleb128 0x7
 315 00e6 1F070000 		.4byte	.LASF21
 316 00ea 76       		.sleb128 -10
 317 00eb 07       		.uleb128 0x7
 318 00ec D7020000 		.4byte	.LASF22
 319 00f0 7B       		.sleb128 -5
 320 00f1 07       		.uleb128 0x7
 321 00f2 CD070000 		.4byte	.LASF23
 322 00f6 7C       		.sleb128 -4
 323 00f7 07       		.uleb128 0x7
 324 00f8 E4010000 		.4byte	.LASF24
 325 00fc 7E       		.sleb128 -2
 326 00fd 07       		.uleb128 0x7
 327 00fe 7A030000 		.4byte	.LASF25
 328 0102 7F       		.sleb128 -1
 329 0103 07       		.uleb128 0x7
 330 0104 D5000000 		.4byte	.LASF26
 331 0108 00       		.sleb128 0
 332 0109 07       		.uleb128 0x7
 333 010a 19000000 		.4byte	.LASF27
 334 010e 01       		.sleb128 1
 335 010f 07       		.uleb128 0x7
 336 0110 BD070000 		.4byte	.LASF28
 337 0114 02       		.sleb128 2
 338 0115 07       		.uleb128 0x7
 339 0116 C7000000 		.4byte	.LASF29
 340 011a 03       		.sleb128 3
ARM GAS  c:\Tmp\ccbAUOeH.s 			page 7


 341 011b 07       		.uleb128 0x7
 342 011c EC060000 		.4byte	.LASF30
 343 0120 04       		.sleb128 4
 344 0121 07       		.uleb128 0x7
 345 0122 8D080000 		.4byte	.LASF31
 346 0126 05       		.sleb128 5
 347 0127 07       		.uleb128 0x7
 348 0128 0D080000 		.4byte	.LASF32
 349 012c 06       		.sleb128 6
 350 012d 07       		.uleb128 0x7
 351 012e B8080000 		.4byte	.LASF33
 352 0132 07       		.sleb128 7
 353 0133 07       		.uleb128 0x7
 354 0134 BF060000 		.4byte	.LASF34
 355 0138 08       		.sleb128 8
 356 0139 07       		.uleb128 0x7
 357 013a 45050000 		.4byte	.LASF35
 358 013e 09       		.sleb128 9
 359 013f 07       		.uleb128 0x7
 360 0140 6F060000 		.4byte	.LASF36
 361 0144 0A       		.sleb128 10
 362 0145 07       		.uleb128 0x7
 363 0146 C3080000 		.4byte	.LASF37
 364 014a 0B       		.sleb128 11
 365 014b 07       		.uleb128 0x7
 366 014c 42030000 		.4byte	.LASF38
 367 0150 0C       		.sleb128 12
 368 0151 07       		.uleb128 0x7
 369 0152 5A050000 		.4byte	.LASF39
 370 0156 0D       		.sleb128 13
 371 0157 07       		.uleb128 0x7
 372 0158 43020000 		.4byte	.LASF40
 373 015c 0E       		.sleb128 14
 374 015d 07       		.uleb128 0x7
 375 015e 04040000 		.4byte	.LASF41
 376 0162 0F       		.sleb128 15
 377 0163 07       		.uleb128 0x7
 378 0164 77010000 		.4byte	.LASF42
 379 0168 10       		.sleb128 16
 380 0169 07       		.uleb128 0x7
 381 016a 5E020000 		.4byte	.LASF43
 382 016e 11       		.sleb128 17
 383 016f 07       		.uleb128 0x7
 384 0170 56080000 		.4byte	.LASF44
 385 0174 12       		.sleb128 18
 386 0175 07       		.uleb128 0x7
 387 0176 13030000 		.4byte	.LASF45
 388 017a 13       		.sleb128 19
 389 017b 07       		.uleb128 0x7
 390 017c 0B000000 		.4byte	.LASF46
 391 0180 14       		.sleb128 20
 392 0181 07       		.uleb128 0x7
 393 0182 30000000 		.4byte	.LASF47
 394 0186 15       		.sleb128 21
 395 0187 07       		.uleb128 0x7
 396 0188 71080000 		.4byte	.LASF48
 397 018c 16       		.sleb128 22
ARM GAS  c:\Tmp\ccbAUOeH.s 			page 8


 398 018d 07       		.uleb128 0x7
 399 018e 89010000 		.4byte	.LASF49
 400 0192 17       		.sleb128 23
 401 0193 07       		.uleb128 0x7
 402 0194 4A060000 		.4byte	.LASF50
 403 0198 18       		.sleb128 24
 404 0199 07       		.uleb128 0x7
 405 019a CC030000 		.4byte	.LASF51
 406 019e 19       		.sleb128 25
 407 019f 07       		.uleb128 0x7
 408 01a0 A7060000 		.4byte	.LASF52
 409 01a4 1A       		.sleb128 26
 410 01a5 07       		.uleb128 0x7
 411 01a6 87030000 		.4byte	.LASF53
 412 01aa 1B       		.sleb128 27
 413 01ab 07       		.uleb128 0x7
 414 01ac 03080000 		.4byte	.LASF54
 415 01b0 1C       		.sleb128 28
 416 01b1 07       		.uleb128 0x7
 417 01b2 A7080000 		.4byte	.LASF55
 418 01b6 1D       		.sleb128 29
 419 01b7 07       		.uleb128 0x7
 420 01b8 BD000000 		.4byte	.LASF56
 421 01bc 1E       		.sleb128 30
 422 01bd 07       		.uleb128 0x7
 423 01be 4B000000 		.4byte	.LASF57
 424 01c2 1F       		.sleb128 31
 425 01c3 07       		.uleb128 0x7
 426 01c4 B0070000 		.4byte	.LASF58
 427 01c8 20       		.sleb128 32
 428 01c9 07       		.uleb128 0x7
 429 01ca F7030000 		.4byte	.LASF59
 430 01ce 21       		.sleb128 33
 431 01cf 07       		.uleb128 0x7
 432 01d0 AA000000 		.4byte	.LASF60
 433 01d4 22       		.sleb128 34
 434 01d5 07       		.uleb128 0x7
 435 01d6 38030000 		.4byte	.LASF61
 436 01da 23       		.sleb128 35
 437 01db 07       		.uleb128 0x7
 438 01dc 50050000 		.4byte	.LASF62
 439 01e0 24       		.sleb128 36
 440 01e1 07       		.uleb128 0x7
 441 01e2 18080000 		.4byte	.LASF63
 442 01e6 25       		.sleb128 37
 443 01e7 07       		.uleb128 0x7
 444 01e8 13070000 		.4byte	.LASF64
 445 01ec 26       		.sleb128 38
 446 01ed 07       		.uleb128 0x7
 447 01ee F1070000 		.4byte	.LASF65
 448 01f2 27       		.sleb128 39
 449 01f3 07       		.uleb128 0x7
 450 01f4 29030000 		.4byte	.LASF66
 451 01f8 28       		.sleb128 40
 452 01f9 07       		.uleb128 0x7
 453 01fa 9B000000 		.4byte	.LASF67
 454 01fe 29       		.sleb128 41
ARM GAS  c:\Tmp\ccbAUOeH.s 			page 9


 455 01ff 07       		.uleb128 0x7
 456 0200 D3010000 		.4byte	.LASF68
 457 0204 2A       		.sleb128 42
 458 0205 07       		.uleb128 0x7
 459 0206 66030000 		.4byte	.LASF69
 460 020a 2B       		.sleb128 43
 461 020b 07       		.uleb128 0x7
 462 020c F0010000 		.4byte	.LASF70
 463 0210 2C       		.sleb128 44
 464 0211 07       		.uleb128 0x7
 465 0212 94030000 		.4byte	.LASF71
 466 0216 2D       		.sleb128 45
 467 0217 07       		.uleb128 0x7
 468 0218 F3000000 		.4byte	.LASF72
 469 021c 2E       		.sleb128 46
 470 021d 07       		.uleb128 0x7
 471 021e 2F070000 		.4byte	.LASF73
 472 0222 2F       		.sleb128 47
 473 0223 07       		.uleb128 0x7
 474 0224 24060000 		.4byte	.LASF74
 475 0228 30       		.sleb128 48
 476 0229 07       		.uleb128 0x7
 477 022a DF000000 		.4byte	.LASF75
 478 022e 31       		.sleb128 49
 479 022f 07       		.uleb128 0x7
 480 0230 3B050000 		.4byte	.LASF76
 481 0234 32       		.sleb128 50
 482 0235 07       		.uleb128 0x7
 483 0236 08060000 		.4byte	.LASF77
 484 023a 33       		.sleb128 51
 485 023b 07       		.uleb128 0x7
 486 023c C8010000 		.4byte	.LASF78
 487 0240 34       		.sleb128 52
 488 0241 07       		.uleb128 0x7
 489 0242 9C060000 		.4byte	.LASF79
 490 0246 35       		.sleb128 53
 491 0247 07       		.uleb128 0x7
 492 0248 B2010000 		.4byte	.LASF80
 493 024c 36       		.sleb128 54
 494 024d 07       		.uleb128 0x7
 495 024e 64070000 		.4byte	.LASF81
 496 0252 37       		.sleb128 55
 497 0253 07       		.uleb128 0x7
 498 0254 DF070000 		.4byte	.LASF82
 499 0258 38       		.sleb128 56
 500 0259 07       		.uleb128 0x7
 501 025a 5F080000 		.4byte	.LASF83
 502 025e 39       		.sleb128 57
 503 025f 07       		.uleb128 0x7
 504 0260 F6020000 		.4byte	.LASF84
 505 0264 3A       		.sleb128 58
 506 0265 07       		.uleb128 0x7
 507 0266 E5030000 		.4byte	.LASF85
 508 026a 3B       		.sleb128 59
 509 026b 07       		.uleb128 0x7
 510 026c 12060000 		.4byte	.LASF86
 511 0270 3C       		.sleb128 60
ARM GAS  c:\Tmp\ccbAUOeH.s 			page 10


 512 0271 07       		.uleb128 0x7
 513 0272 C3030000 		.4byte	.LASF87
 514 0276 3D       		.sleb128 61
 515 0277 07       		.uleb128 0x7
 516 0278 A4010000 		.4byte	.LASF88
 517 027c 3E       		.sleb128 62
 518 027d 07       		.uleb128 0x7
 519 027e 6C050000 		.4byte	.LASF89
 520 0282 3F       		.sleb128 63
 521 0283 07       		.uleb128 0x7
 522 0284 22000000 		.4byte	.LASF90
 523 0288 C000     		.sleb128 64
 524 028a 07       		.uleb128 0x7
 525 028b 22010000 		.4byte	.LASF91
 526 028f C100     		.sleb128 65
 527 0291 07       		.uleb128 0x7
 528 0292 7F080000 		.4byte	.LASF92
 529 0296 C200     		.sleb128 66
 530 0298 07       		.uleb128 0x7
 531 0299 FE060000 		.4byte	.LASF93
 532 029d C300     		.sleb128 67
 533 029f 07       		.uleb128 0x7
 534 02a0 5F000000 		.4byte	.LASF94
 535 02a4 C400     		.sleb128 68
 536 02a6 07       		.uleb128 0x7
 537 02a7 3E010000 		.4byte	.LASF95
 538 02ab C500     		.sleb128 69
 539 02ad 07       		.uleb128 0x7
 540 02ae 24020000 		.4byte	.LASF96
 541 02b2 C600     		.sleb128 70
 542 02b4 07       		.uleb128 0x7
 543 02b5 16040000 		.4byte	.LASF97
 544 02b9 C700     		.sleb128 71
 545 02bb 07       		.uleb128 0x7
 546 02bc 8B020000 		.4byte	.LASF98
 547 02c0 C800     		.sleb128 72
 548 02c2 07       		.uleb128 0x7
 549 02c3 3E000000 		.4byte	.LASF99
 550 02c7 C900     		.sleb128 73
 551 02c9 07       		.uleb128 0x7
 552 02ca C3020000 		.4byte	.LASF100
 553 02ce CA00     		.sleb128 74
 554 02d0 07       		.uleb128 0x7
 555 02d1 6E070000 		.4byte	.LASF101
 556 02d5 CB00     		.sleb128 75
 557 02d7 07       		.uleb128 0x7
 558 02d8 96080000 		.4byte	.LASF102
 559 02dc CC00     		.sleb128 76
 560 02de 07       		.uleb128 0x7
 561 02df 8C050000 		.4byte	.LASF103
 562 02e3 CD00     		.sleb128 77
 563 02e5 07       		.uleb128 0x7
 564 02e6 29080000 		.4byte	.LASF104
 565 02ea CE00     		.sleb128 78
 566 02ec 07       		.uleb128 0x7
 567 02ed 46070000 		.4byte	.LASF105
 568 02f1 CF00     		.sleb128 79
ARM GAS  c:\Tmp\ccbAUOeH.s 			page 11


 569 02f3 07       		.uleb128 0x7
 570 02f4 7A060000 		.4byte	.LASF106
 571 02f8 D000     		.sleb128 80
 572 02fa 07       		.uleb128 0x7
 573 02fb 3B080000 		.4byte	.LASF107
 574 02ff D100     		.sleb128 81
 575 0301 00       		.byte	0
 576 0302 08       		.uleb128 0x8
 577 0303 A2000000 		.4byte	0xa2
 578 0307 12030000 		.4byte	0x312
 579 030b 09       		.uleb128 0x9
 580 030c B9000000 		.4byte	0xb9
 581 0310 01       		.byte	0x1
 582 0311 00       		.byte	0
 583 0312 08       		.uleb128 0x8
 584 0313 A2000000 		.4byte	0xa2
 585 0317 22030000 		.4byte	0x322
 586 031b 09       		.uleb128 0x9
 587 031c B9000000 		.4byte	0xb9
 588 0320 03       		.byte	0x3
 589 0321 00       		.byte	0
 590 0322 05       		.uleb128 0x5
 591 0323 97000000 		.4byte	0x97
 592 0327 0A       		.uleb128 0xa
 593 0328 18       		.byte	0x18
 594 0329 04       		.byte	0x4
 595 032a 3003     		.2byte	0x330
 596 032c 7E030000 		.4byte	0x37e
 597 0330 0B       		.uleb128 0xb
 598 0331 494D5200 		.ascii	"IMR\000"
 599 0335 04       		.byte	0x4
 600 0336 3203     		.2byte	0x332
 601 0338 B4000000 		.4byte	0xb4
 602 033c 00       		.byte	0
 603 033d 0B       		.uleb128 0xb
 604 033e 454D5200 		.ascii	"EMR\000"
 605 0342 04       		.byte	0x4
 606 0343 3303     		.2byte	0x333
 607 0345 B4000000 		.4byte	0xb4
 608 0349 04       		.byte	0x4
 609 034a 0C       		.uleb128 0xc
 610 034b 70020000 		.4byte	.LASF108
 611 034f 04       		.byte	0x4
 612 0350 3403     		.2byte	0x334
 613 0352 B4000000 		.4byte	0xb4
 614 0356 08       		.byte	0x8
 615 0357 0C       		.uleb128 0xc
 616 0358 6A060000 		.4byte	.LASF109
 617 035c 04       		.byte	0x4
 618 035d 3503     		.2byte	0x335
 619 035f B4000000 		.4byte	0xb4
 620 0363 0C       		.byte	0xc
 621 0364 0C       		.uleb128 0xc
 622 0365 71000000 		.4byte	.LASF110
 623 0369 04       		.byte	0x4
 624 036a 3603     		.2byte	0x336
 625 036c B4000000 		.4byte	0xb4
ARM GAS  c:\Tmp\ccbAUOeH.s 			page 12


 626 0370 10       		.byte	0x10
 627 0371 0B       		.uleb128 0xb
 628 0372 505200   		.ascii	"PR\000"
 629 0375 04       		.byte	0x4
 630 0376 3703     		.2byte	0x337
 631 0378 B4000000 		.4byte	0xb4
 632 037c 14       		.byte	0x14
 633 037d 00       		.byte	0
 634 037e 0D       		.uleb128 0xd
 635 037f 49080000 		.4byte	.LASF111
 636 0383 04       		.byte	0x4
 637 0384 3803     		.2byte	0x338
 638 0386 27030000 		.4byte	0x327
 639 038a 0A       		.uleb128 0xa
 640 038b 24       		.byte	0x24
 641 038c 04       		.byte	0x4
 642 038d E903     		.2byte	0x3e9
 643 038f D5030000 		.4byte	0x3d5
 644 0393 0C       		.uleb128 0xc
 645 0394 77000000 		.4byte	.LASF112
 646 0398 04       		.byte	0x4
 647 0399 EB03     		.2byte	0x3eb
 648 039b B4000000 		.4byte	0xb4
 649 039f 00       		.byte	0
 650 03a0 0B       		.uleb128 0xb
 651 03a1 504D4300 		.ascii	"PMC\000"
 652 03a5 04       		.byte	0x4
 653 03a6 EC03     		.2byte	0x3ec
 654 03a8 B4000000 		.4byte	0xb4
 655 03ac 04       		.byte	0x4
 656 03ad 0C       		.uleb128 0xc
 657 03ae B1080000 		.4byte	.LASF113
 658 03b2 04       		.byte	0x4
 659 03b3 ED03     		.2byte	0x3ed
 660 03b5 D5030000 		.4byte	0x3d5
 661 03b9 08       		.byte	0x8
 662 03ba 0C       		.uleb128 0xc
 663 03bb 81070000 		.4byte	.LASF114
 664 03bf 04       		.byte	0x4
 665 03c0 EE03     		.2byte	0x3ee
 666 03c2 02030000 		.4byte	0x302
 667 03c6 18       		.byte	0x18
 668 03c7 0C       		.uleb128 0xc
 669 03c8 98050000 		.4byte	.LASF115
 670 03cc 04       		.byte	0x4
 671 03cd EF03     		.2byte	0x3ef
 672 03cf B4000000 		.4byte	0xb4
 673 03d3 20       		.byte	0x20
 674 03d4 00       		.byte	0
 675 03d5 05       		.uleb128 0x5
 676 03d6 12030000 		.4byte	0x312
 677 03da 0D       		.uleb128 0xd
 678 03db B3050000 		.4byte	.LASF116
 679 03df 04       		.byte	0x4
 680 03e0 F003     		.2byte	0x3f0
 681 03e2 8A030000 		.4byte	0x38a
 682 03e6 0A       		.uleb128 0xa
ARM GAS  c:\Tmp\ccbAUOeH.s 			page 13


 683 03e7 90       		.byte	0x90
 684 03e8 04       		.byte	0x4
 685 03e9 5804     		.2byte	0x458
 686 03eb 8F050000 		.4byte	0x58f
 687 03ef 0B       		.uleb128 0xb
 688 03f0 435200   		.ascii	"CR\000"
 689 03f3 04       		.byte	0x4
 690 03f4 5A04     		.2byte	0x45a
 691 03f6 B4000000 		.4byte	0xb4
 692 03fa 00       		.byte	0
 693 03fb 0C       		.uleb128 0xc
 694 03fc C0010000 		.4byte	.LASF117
 695 0400 04       		.byte	0x4
 696 0401 5B04     		.2byte	0x45b
 697 0403 B4000000 		.4byte	0xb4
 698 0407 04       		.byte	0x4
 699 0408 0C       		.uleb128 0xc
 700 0409 44080000 		.4byte	.LASF118
 701 040d 04       		.byte	0x4
 702 040e 5C04     		.2byte	0x45c
 703 0410 B4000000 		.4byte	0xb4
 704 0414 08       		.byte	0x8
 705 0415 0B       		.uleb128 0xb
 706 0416 43495200 		.ascii	"CIR\000"
 707 041a 04       		.byte	0x4
 708 041b 5D04     		.2byte	0x45d
 709 041d B4000000 		.4byte	0xb4
 710 0421 0C       		.byte	0xc
 711 0422 0C       		.uleb128 0xc
 712 0423 35010000 		.4byte	.LASF119
 713 0427 04       		.byte	0x4
 714 0428 5E04     		.2byte	0x45e
 715 042a B4000000 		.4byte	0xb4
 716 042e 10       		.byte	0x10
 717 042f 0C       		.uleb128 0xc
 718 0430 5B070000 		.4byte	.LASF120
 719 0434 04       		.byte	0x4
 720 0435 5F04     		.2byte	0x45f
 721 0437 B4000000 		.4byte	0xb4
 722 043b 14       		.byte	0x14
 723 043c 0C       		.uleb128 0xc
 724 043d 20030000 		.4byte	.LASF121
 725 0441 04       		.byte	0x4
 726 0442 6004     		.2byte	0x460
 727 0444 B4000000 		.4byte	0xb4
 728 0448 18       		.byte	0x18
 729 0449 0C       		.uleb128 0xc
 730 044a C2050000 		.4byte	.LASF122
 731 044e 04       		.byte	0x4
 732 044f 6104     		.2byte	0x461
 733 0451 A2000000 		.4byte	0xa2
 734 0455 1C       		.byte	0x1c
 735 0456 0C       		.uleb128 0xc
 736 0457 83050000 		.4byte	.LASF123
 737 045b 04       		.byte	0x4
 738 045c 6204     		.2byte	0x462
 739 045e B4000000 		.4byte	0xb4
ARM GAS  c:\Tmp\ccbAUOeH.s 			page 14


 740 0462 20       		.byte	0x20
 741 0463 0C       		.uleb128 0xc
 742 0464 64010000 		.4byte	.LASF124
 743 0468 04       		.byte	0x4
 744 0469 6304     		.2byte	0x463
 745 046b B4000000 		.4byte	0xb4
 746 046f 24       		.byte	0x24
 747 0470 0C       		.uleb128 0xc
 748 0471 CC050000 		.4byte	.LASF125
 749 0475 04       		.byte	0x4
 750 0476 6404     		.2byte	0x464
 751 0478 02030000 		.4byte	0x302
 752 047c 28       		.byte	0x28
 753 047d 0C       		.uleb128 0xc
 754 047e 33080000 		.4byte	.LASF126
 755 0482 04       		.byte	0x4
 756 0483 6504     		.2byte	0x465
 757 0485 B4000000 		.4byte	0xb4
 758 0489 30       		.byte	0x30
 759 048a 0C       		.uleb128 0xc
 760 048b 54030000 		.4byte	.LASF127
 761 048f 04       		.byte	0x4
 762 0490 6604     		.2byte	0x466
 763 0492 B4000000 		.4byte	0xb4
 764 0496 34       		.byte	0x34
 765 0497 0C       		.uleb128 0xc
 766 0498 D2060000 		.4byte	.LASF128
 767 049c 04       		.byte	0x4
 768 049d 6704     		.2byte	0x467
 769 049f B4000000 		.4byte	0xb4
 770 04a3 38       		.byte	0x38
 771 04a4 0C       		.uleb128 0xc
 772 04a5 D6050000 		.4byte	.LASF129
 773 04a9 04       		.byte	0x4
 774 04aa 6804     		.2byte	0x468
 775 04ac A2000000 		.4byte	0xa2
 776 04b0 3C       		.byte	0x3c
 777 04b1 0C       		.uleb128 0xc
 778 04b2 A8070000 		.4byte	.LASF130
 779 04b6 04       		.byte	0x4
 780 04b7 6904     		.2byte	0x469
 781 04b9 B4000000 		.4byte	0xb4
 782 04bd 40       		.byte	0x40
 783 04be 0C       		.uleb128 0xc
 784 04bf CA060000 		.4byte	.LASF131
 785 04c3 04       		.byte	0x4
 786 04c4 6A04     		.2byte	0x46a
 787 04c6 B4000000 		.4byte	0xb4
 788 04ca 44       		.byte	0x44
 789 04cb 0C       		.uleb128 0xc
 790 04cc E0050000 		.4byte	.LASF132
 791 04d0 04       		.byte	0x4
 792 04d1 6B04     		.2byte	0x46b
 793 04d3 02030000 		.4byte	0x302
 794 04d7 48       		.byte	0x48
 795 04d8 0C       		.uleb128 0xc
 796 04d9 E9000000 		.4byte	.LASF133
ARM GAS  c:\Tmp\ccbAUOeH.s 			page 15


 797 04dd 04       		.byte	0x4
 798 04de 6C04     		.2byte	0x46c
 799 04e0 B4000000 		.4byte	0xb4
 800 04e4 50       		.byte	0x50
 801 04e5 0C       		.uleb128 0xc
 802 04e6 79050000 		.4byte	.LASF134
 803 04ea 04       		.byte	0x4
 804 04eb 6D04     		.2byte	0x46d
 805 04ed B4000000 		.4byte	0xb4
 806 04f1 54       		.byte	0x54
 807 04f2 0C       		.uleb128 0xc
 808 04f3 92060000 		.4byte	.LASF135
 809 04f7 04       		.byte	0x4
 810 04f8 6E04     		.2byte	0x46e
 811 04fa B4000000 		.4byte	0xb4
 812 04fe 58       		.byte	0x58
 813 04ff 0C       		.uleb128 0xc
 814 0500 EA050000 		.4byte	.LASF136
 815 0504 04       		.byte	0x4
 816 0505 6F04     		.2byte	0x46f
 817 0507 A2000000 		.4byte	0xa2
 818 050b 5C       		.byte	0x5c
 819 050c 0C       		.uleb128 0xc
 820 050d 6D010000 		.4byte	.LASF137
 821 0511 04       		.byte	0x4
 822 0512 7004     		.2byte	0x470
 823 0514 B4000000 		.4byte	0xb4
 824 0518 60       		.byte	0x60
 825 0519 0C       		.uleb128 0xc
 826 051a 5C030000 		.4byte	.LASF138
 827 051e 04       		.byte	0x4
 828 051f 7104     		.2byte	0x471
 829 0521 B4000000 		.4byte	0xb4
 830 0525 64       		.byte	0x64
 831 0526 0C       		.uleb128 0xc
 832 0527 F4050000 		.4byte	.LASF139
 833 052b 04       		.byte	0x4
 834 052c 7204     		.2byte	0x472
 835 052e 02030000 		.4byte	0x302
 836 0532 68       		.byte	0x68
 837 0533 0C       		.uleb128 0xc
 838 0534 24080000 		.4byte	.LASF140
 839 0538 04       		.byte	0x4
 840 0539 7304     		.2byte	0x473
 841 053b B4000000 		.4byte	0xb4
 842 053f 70       		.byte	0x70
 843 0540 0B       		.uleb128 0xb
 844 0541 43535200 		.ascii	"CSR\000"
 845 0545 04       		.byte	0x4
 846 0546 7404     		.2byte	0x474
 847 0548 B4000000 		.4byte	0xb4
 848 054c 74       		.byte	0x74
 849 054d 0C       		.uleb128 0xc
 850 054e FE050000 		.4byte	.LASF141
 851 0552 04       		.byte	0x4
 852 0553 7504     		.2byte	0x475
 853 0555 02030000 		.4byte	0x302
ARM GAS  c:\Tmp\ccbAUOeH.s 			page 16


 854 0559 78       		.byte	0x78
 855 055a 0C       		.uleb128 0xc
 856 055b FD070000 		.4byte	.LASF142
 857 055f 04       		.byte	0x4
 858 0560 7604     		.2byte	0x476
 859 0562 B4000000 		.4byte	0xb4
 860 0566 80       		.byte	0x80
 861 0567 0C       		.uleb128 0xc
 862 0568 08030000 		.4byte	.LASF143
 863 056c 04       		.byte	0x4
 864 056d 7704     		.2byte	0x477
 865 056f B4000000 		.4byte	0xb4
 866 0573 84       		.byte	0x84
 867 0574 0C       		.uleb128 0xc
 868 0575 A8050000 		.4byte	.LASF144
 869 0579 04       		.byte	0x4
 870 057a 7804     		.2byte	0x478
 871 057c B4000000 		.4byte	0xb4
 872 0580 88       		.byte	0x88
 873 0581 0C       		.uleb128 0xc
 874 0582 00010000 		.4byte	.LASF145
 875 0586 04       		.byte	0x4
 876 0587 7904     		.2byte	0x479
 877 0589 B4000000 		.4byte	0xb4
 878 058d 8C       		.byte	0x8c
 879 058e 00       		.byte	0
 880 058f 0D       		.uleb128 0xd
 881 0590 B7020000 		.4byte	.LASF146
 882 0594 04       		.byte	0x4
 883 0595 7B04     		.2byte	0x47b
 884 0597 E6030000 		.4byte	0x3e6
 885 059b 0E       		.uleb128 0xe
 886 059c 04       		.byte	0x4
 887 059d 05       		.byte	0x5
 888 059e 96       		.byte	0x96
 889 059f BC050000 		.4byte	0x5bc
 890 05a3 0F       		.uleb128 0xf
 891 05a4 73657400 		.ascii	"set\000"
 892 05a8 05       		.byte	0x5
 893 05a9 97       		.byte	0x97
 894 05aa 8C000000 		.4byte	0x8c
 895 05ae 00       		.byte	0
 896 05af 10       		.uleb128 0x10
 897 05b0 DF030000 		.4byte	.LASF147
 898 05b4 05       		.byte	0x5
 899 05b5 98       		.byte	0x98
 900 05b6 8C000000 		.4byte	0x8c
 901 05ba 02       		.byte	0x2
 902 05bb 00       		.byte	0
 903 05bc 11       		.uleb128 0x11
 904 05bd 04       		.byte	0x4
 905 05be 05       		.byte	0x5
 906 05bf 94       		.byte	0x94
 907 05c0 D7050000 		.4byte	0x5d7
 908 05c4 12       		.uleb128 0x12
 909 05c5 5700     		.ascii	"W\000"
 910 05c7 05       		.byte	0x5
ARM GAS  c:\Tmp\ccbAUOeH.s 			page 17


 911 05c8 95       		.byte	0x95
 912 05c9 A2000000 		.4byte	0xa2
 913 05cd 12       		.uleb128 0x12
 914 05ce 4800     		.ascii	"H\000"
 915 05d0 05       		.byte	0x5
 916 05d1 99       		.byte	0x99
 917 05d2 9B050000 		.4byte	0x59b
 918 05d6 00       		.byte	0
 919 05d7 0E       		.uleb128 0xe
 920 05d8 28       		.byte	0x28
 921 05d9 05       		.byte	0x5
 922 05da 8C       		.byte	0x8c
 923 05db 58060000 		.4byte	0x658
 924 05df 10       		.uleb128 0x10
 925 05e0 7E000000 		.4byte	.LASF148
 926 05e4 05       		.byte	0x5
 927 05e5 8E       		.byte	0x8e
 928 05e6 B4000000 		.4byte	0xb4
 929 05ea 00       		.byte	0
 930 05eb 10       		.uleb128 0x10
 931 05ec 58000000 		.4byte	.LASF149
 932 05f0 05       		.byte	0x5
 933 05f1 8F       		.byte	0x8f
 934 05f2 B4000000 		.4byte	0xb4
 935 05f6 04       		.byte	0x4
 936 05f7 10       		.uleb128 0x10
 937 05f8 03020000 		.4byte	.LASF150
 938 05fc 05       		.byte	0x5
 939 05fd 90       		.byte	0x90
 940 05fe B4000000 		.4byte	0xb4
 941 0602 08       		.byte	0x8
 942 0603 10       		.uleb128 0x10
 943 0604 00000000 		.4byte	.LASF151
 944 0608 05       		.byte	0x5
 945 0609 91       		.byte	0x91
 946 060a B4000000 		.4byte	0xb4
 947 060e 0C       		.byte	0xc
 948 060f 0F       		.uleb128 0xf
 949 0610 49445200 		.ascii	"IDR\000"
 950 0614 05       		.byte	0x5
 951 0615 92       		.byte	0x92
 952 0616 B4000000 		.4byte	0xb4
 953 061a 10       		.byte	0x10
 954 061b 0F       		.uleb128 0xf
 955 061c 4F445200 		.ascii	"ODR\000"
 956 0620 05       		.byte	0x5
 957 0621 93       		.byte	0x93
 958 0622 B4000000 		.4byte	0xb4
 959 0626 14       		.byte	0x14
 960 0627 10       		.uleb128 0x10
 961 0628 30010000 		.4byte	.LASF152
 962 062c 05       		.byte	0x5
 963 062d 9A       		.byte	0x9a
 964 062e 58060000 		.4byte	0x658
 965 0632 18       		.byte	0x18
 966 0633 10       		.uleb128 0x10
 967 0634 06000000 		.4byte	.LASF153
ARM GAS  c:\Tmp\ccbAUOeH.s 			page 18


 968 0638 05       		.byte	0x5
 969 0639 9B       		.byte	0x9b
 970 063a B4000000 		.4byte	0xb4
 971 063e 1C       		.byte	0x1c
 972 063f 10       		.uleb128 0x10
 973 0640 A3050000 		.4byte	.LASF154
 974 0644 05       		.byte	0x5
 975 0645 9C       		.byte	0x9c
 976 0646 B4000000 		.4byte	0xb4
 977 064a 20       		.byte	0x20
 978 064b 10       		.uleb128 0x10
 979 064c 9E050000 		.4byte	.LASF155
 980 0650 05       		.byte	0x5
 981 0651 9D       		.byte	0x9d
 982 0652 B4000000 		.4byte	0xb4
 983 0656 24       		.byte	0x24
 984 0657 00       		.byte	0
 985 0658 05       		.uleb128 0x5
 986 0659 BC050000 		.4byte	0x5bc
 987 065d 04       		.uleb128 0x4
 988 065e AA020000 		.4byte	.LASF156
 989 0662 05       		.byte	0x5
 990 0663 9E       		.byte	0x9e
 991 0664 D7050000 		.4byte	0x5d7
 992 0668 13       		.uleb128 0x13
 993 0669 96010000 		.4byte	.LASF163
 994 066d 01       		.byte	0x1
 995 066e 23       		.byte	0x23
 996 066f 00000000 		.4byte	.LFB118
 997 0673 BC000000 		.4byte	.LFE118-.LFB118
 998 0677 01       		.uleb128 0x1
 999 0678 9C       		.byte	0x9c
 1000 0679 8C060000 		.4byte	0x68c
 1001 067d 14       		.uleb128 0x14
 1002 067e F7060000 		.4byte	.LASF164
 1003 0682 01       		.byte	0x1
 1004 0683 38       		.byte	0x38
 1005 0684 8C060000 		.4byte	0x68c
 1006 0688 02       		.uleb128 0x2
 1007 0689 91       		.byte	0x91
 1008 068a 64       		.sleb128 -28
 1009 068b 00       		.byte	0
 1010 068c 08       		.uleb128 0x8
 1011 068d C0000000 		.4byte	0xc0
 1012 0691 9C060000 		.4byte	0x69c
 1013 0695 09       		.uleb128 0x9
 1014 0696 B9000000 		.4byte	0xb9
 1015 069a 13       		.byte	0x13
 1016 069b 00       		.byte	0
 1017 069c 15       		.uleb128 0x15
 1018 069d AC030000 		.4byte	.LASF165
 1019 06a1 01       		.byte	0x1
 1020 06a2 58       		.byte	0x58
 1021 06a3 00000000 		.4byte	.LFB119
 1022 06a7 2C000000 		.4byte	.LFE119-.LFB119
 1023 06ab 01       		.uleb128 0x1
 1024 06ac 9C       		.byte	0x9c
ARM GAS  c:\Tmp\ccbAUOeH.s 			page 19


 1025 06ad 16       		.uleb128 0x16
 1026 06ae 5D060000 		.4byte	.LASF157
 1027 06b2 06       		.byte	0x6
 1028 06b3 9806     		.2byte	0x698
 1029 06b5 22030000 		.4byte	0x322
 1030 06b9 17       		.uleb128 0x17
 1031 06ba 59010000 		.4byte	.LASF158
 1032 06be 01       		.byte	0x1
 1033 06bf 14       		.byte	0x14
 1034 06c0 CA060000 		.4byte	0x6ca
 1035 06c4 05       		.uleb128 0x5
 1036 06c5 03       		.byte	0x3
 1037 06c6 00000000 		.4byte	switchFlag
 1038 06ca 05       		.uleb128 0x5
 1039 06cb 25000000 		.4byte	0x25
 1040 06cf 00       		.byte	0
 1041              		.section	.debug_abbrev,"",%progbits
 1042              	.Ldebug_abbrev0:
 1043 0000 01       		.uleb128 0x1
 1044 0001 11       		.uleb128 0x11
 1045 0002 01       		.byte	0x1
 1046 0003 25       		.uleb128 0x25
 1047 0004 0E       		.uleb128 0xe
 1048 0005 13       		.uleb128 0x13
 1049 0006 0B       		.uleb128 0xb
 1050 0007 03       		.uleb128 0x3
 1051 0008 0E       		.uleb128 0xe
 1052 0009 1B       		.uleb128 0x1b
 1053 000a 0E       		.uleb128 0xe
 1054 000b 55       		.uleb128 0x55
 1055 000c 17       		.uleb128 0x17
 1056 000d 11       		.uleb128 0x11
 1057 000e 01       		.uleb128 0x1
 1058 000f 10       		.uleb128 0x10
 1059 0010 17       		.uleb128 0x17
 1060 0011 00       		.byte	0
 1061 0012 00       		.byte	0
 1062 0013 02       		.uleb128 0x2
 1063 0014 24       		.uleb128 0x24
 1064 0015 00       		.byte	0
 1065 0016 0B       		.uleb128 0xb
 1066 0017 0B       		.uleb128 0xb
 1067 0018 3E       		.uleb128 0x3e
 1068 0019 0B       		.uleb128 0xb
 1069 001a 03       		.uleb128 0x3
 1070 001b 08       		.uleb128 0x8
 1071 001c 00       		.byte	0
 1072 001d 00       		.byte	0
 1073 001e 03       		.uleb128 0x3
 1074 001f 24       		.uleb128 0x24
 1075 0020 00       		.byte	0
 1076 0021 0B       		.uleb128 0xb
 1077 0022 0B       		.uleb128 0xb
 1078 0023 3E       		.uleb128 0x3e
 1079 0024 0B       		.uleb128 0xb
 1080 0025 03       		.uleb128 0x3
 1081 0026 0E       		.uleb128 0xe
ARM GAS  c:\Tmp\ccbAUOeH.s 			page 20


 1082 0027 00       		.byte	0
 1083 0028 00       		.byte	0
 1084 0029 04       		.uleb128 0x4
 1085 002a 16       		.uleb128 0x16
 1086 002b 00       		.byte	0
 1087 002c 03       		.uleb128 0x3
 1088 002d 0E       		.uleb128 0xe
 1089 002e 3A       		.uleb128 0x3a
 1090 002f 0B       		.uleb128 0xb
 1091 0030 3B       		.uleb128 0x3b
 1092 0031 0B       		.uleb128 0xb
 1093 0032 49       		.uleb128 0x49
 1094 0033 13       		.uleb128 0x13
 1095 0034 00       		.byte	0
 1096 0035 00       		.byte	0
 1097 0036 05       		.uleb128 0x5
 1098 0037 35       		.uleb128 0x35
 1099 0038 00       		.byte	0
 1100 0039 49       		.uleb128 0x49
 1101 003a 13       		.uleb128 0x13
 1102 003b 00       		.byte	0
 1103 003c 00       		.byte	0
 1104 003d 06       		.uleb128 0x6
 1105 003e 04       		.uleb128 0x4
 1106 003f 01       		.byte	0x1
 1107 0040 03       		.uleb128 0x3
 1108 0041 0E       		.uleb128 0xe
 1109 0042 0B       		.uleb128 0xb
 1110 0043 0B       		.uleb128 0xb
 1111 0044 3A       		.uleb128 0x3a
 1112 0045 0B       		.uleb128 0xb
 1113 0046 3B       		.uleb128 0x3b
 1114 0047 0B       		.uleb128 0xb
 1115 0048 01       		.uleb128 0x1
 1116 0049 13       		.uleb128 0x13
 1117 004a 00       		.byte	0
 1118 004b 00       		.byte	0
 1119 004c 07       		.uleb128 0x7
 1120 004d 28       		.uleb128 0x28
 1121 004e 00       		.byte	0
 1122 004f 03       		.uleb128 0x3
 1123 0050 0E       		.uleb128 0xe
 1124 0051 1C       		.uleb128 0x1c
 1125 0052 0D       		.uleb128 0xd
 1126 0053 00       		.byte	0
 1127 0054 00       		.byte	0
 1128 0055 08       		.uleb128 0x8
 1129 0056 01       		.uleb128 0x1
 1130 0057 01       		.byte	0x1
 1131 0058 49       		.uleb128 0x49
 1132 0059 13       		.uleb128 0x13
 1133 005a 01       		.uleb128 0x1
 1134 005b 13       		.uleb128 0x13
 1135 005c 00       		.byte	0
 1136 005d 00       		.byte	0
 1137 005e 09       		.uleb128 0x9
 1138 005f 21       		.uleb128 0x21
ARM GAS  c:\Tmp\ccbAUOeH.s 			page 21


 1139 0060 00       		.byte	0
 1140 0061 49       		.uleb128 0x49
 1141 0062 13       		.uleb128 0x13
 1142 0063 2F       		.uleb128 0x2f
 1143 0064 0B       		.uleb128 0xb
 1144 0065 00       		.byte	0
 1145 0066 00       		.byte	0
 1146 0067 0A       		.uleb128 0xa
 1147 0068 13       		.uleb128 0x13
 1148 0069 01       		.byte	0x1
 1149 006a 0B       		.uleb128 0xb
 1150 006b 0B       		.uleb128 0xb
 1151 006c 3A       		.uleb128 0x3a
 1152 006d 0B       		.uleb128 0xb
 1153 006e 3B       		.uleb128 0x3b
 1154 006f 05       		.uleb128 0x5
 1155 0070 01       		.uleb128 0x1
 1156 0071 13       		.uleb128 0x13
 1157 0072 00       		.byte	0
 1158 0073 00       		.byte	0
 1159 0074 0B       		.uleb128 0xb
 1160 0075 0D       		.uleb128 0xd
 1161 0076 00       		.byte	0
 1162 0077 03       		.uleb128 0x3
 1163 0078 08       		.uleb128 0x8
 1164 0079 3A       		.uleb128 0x3a
 1165 007a 0B       		.uleb128 0xb
 1166 007b 3B       		.uleb128 0x3b
 1167 007c 05       		.uleb128 0x5
 1168 007d 49       		.uleb128 0x49
 1169 007e 13       		.uleb128 0x13
 1170 007f 38       		.uleb128 0x38
 1171 0080 0B       		.uleb128 0xb
 1172 0081 00       		.byte	0
 1173 0082 00       		.byte	0
 1174 0083 0C       		.uleb128 0xc
 1175 0084 0D       		.uleb128 0xd
 1176 0085 00       		.byte	0
 1177 0086 03       		.uleb128 0x3
 1178 0087 0E       		.uleb128 0xe
 1179 0088 3A       		.uleb128 0x3a
 1180 0089 0B       		.uleb128 0xb
 1181 008a 3B       		.uleb128 0x3b
 1182 008b 05       		.uleb128 0x5
 1183 008c 49       		.uleb128 0x49
 1184 008d 13       		.uleb128 0x13
 1185 008e 38       		.uleb128 0x38
 1186 008f 0B       		.uleb128 0xb
 1187 0090 00       		.byte	0
 1188 0091 00       		.byte	0
 1189 0092 0D       		.uleb128 0xd
 1190 0093 16       		.uleb128 0x16
 1191 0094 00       		.byte	0
 1192 0095 03       		.uleb128 0x3
 1193 0096 0E       		.uleb128 0xe
 1194 0097 3A       		.uleb128 0x3a
 1195 0098 0B       		.uleb128 0xb
ARM GAS  c:\Tmp\ccbAUOeH.s 			page 22


 1196 0099 3B       		.uleb128 0x3b
 1197 009a 05       		.uleb128 0x5
 1198 009b 49       		.uleb128 0x49
 1199 009c 13       		.uleb128 0x13
 1200 009d 00       		.byte	0
 1201 009e 00       		.byte	0
 1202 009f 0E       		.uleb128 0xe
 1203 00a0 13       		.uleb128 0x13
 1204 00a1 01       		.byte	0x1
 1205 00a2 0B       		.uleb128 0xb
 1206 00a3 0B       		.uleb128 0xb
 1207 00a4 3A       		.uleb128 0x3a
 1208 00a5 0B       		.uleb128 0xb
 1209 00a6 3B       		.uleb128 0x3b
 1210 00a7 0B       		.uleb128 0xb
 1211 00a8 01       		.uleb128 0x1
 1212 00a9 13       		.uleb128 0x13
 1213 00aa 00       		.byte	0
 1214 00ab 00       		.byte	0
 1215 00ac 0F       		.uleb128 0xf
 1216 00ad 0D       		.uleb128 0xd
 1217 00ae 00       		.byte	0
 1218 00af 03       		.uleb128 0x3
 1219 00b0 08       		.uleb128 0x8
 1220 00b1 3A       		.uleb128 0x3a
 1221 00b2 0B       		.uleb128 0xb
 1222 00b3 3B       		.uleb128 0x3b
 1223 00b4 0B       		.uleb128 0xb
 1224 00b5 49       		.uleb128 0x49
 1225 00b6 13       		.uleb128 0x13
 1226 00b7 38       		.uleb128 0x38
 1227 00b8 0B       		.uleb128 0xb
 1228 00b9 00       		.byte	0
 1229 00ba 00       		.byte	0
 1230 00bb 10       		.uleb128 0x10
 1231 00bc 0D       		.uleb128 0xd
 1232 00bd 00       		.byte	0
 1233 00be 03       		.uleb128 0x3
 1234 00bf 0E       		.uleb128 0xe
 1235 00c0 3A       		.uleb128 0x3a
 1236 00c1 0B       		.uleb128 0xb
 1237 00c2 3B       		.uleb128 0x3b
 1238 00c3 0B       		.uleb128 0xb
 1239 00c4 49       		.uleb128 0x49
 1240 00c5 13       		.uleb128 0x13
 1241 00c6 38       		.uleb128 0x38
 1242 00c7 0B       		.uleb128 0xb
 1243 00c8 00       		.byte	0
 1244 00c9 00       		.byte	0
 1245 00ca 11       		.uleb128 0x11
 1246 00cb 17       		.uleb128 0x17
 1247 00cc 01       		.byte	0x1
 1248 00cd 0B       		.uleb128 0xb
 1249 00ce 0B       		.uleb128 0xb
 1250 00cf 3A       		.uleb128 0x3a
 1251 00d0 0B       		.uleb128 0xb
 1252 00d1 3B       		.uleb128 0x3b
ARM GAS  c:\Tmp\ccbAUOeH.s 			page 23


 1253 00d2 0B       		.uleb128 0xb
 1254 00d3 01       		.uleb128 0x1
 1255 00d4 13       		.uleb128 0x13
 1256 00d5 00       		.byte	0
 1257 00d6 00       		.byte	0
 1258 00d7 12       		.uleb128 0x12
 1259 00d8 0D       		.uleb128 0xd
 1260 00d9 00       		.byte	0
 1261 00da 03       		.uleb128 0x3
 1262 00db 08       		.uleb128 0x8
 1263 00dc 3A       		.uleb128 0x3a
 1264 00dd 0B       		.uleb128 0xb
 1265 00de 3B       		.uleb128 0x3b
 1266 00df 0B       		.uleb128 0xb
 1267 00e0 49       		.uleb128 0x49
 1268 00e1 13       		.uleb128 0x13
 1269 00e2 00       		.byte	0
 1270 00e3 00       		.byte	0
 1271 00e4 13       		.uleb128 0x13
 1272 00e5 2E       		.uleb128 0x2e
 1273 00e6 01       		.byte	0x1
 1274 00e7 3F       		.uleb128 0x3f
 1275 00e8 19       		.uleb128 0x19
 1276 00e9 03       		.uleb128 0x3
 1277 00ea 0E       		.uleb128 0xe
 1278 00eb 3A       		.uleb128 0x3a
 1279 00ec 0B       		.uleb128 0xb
 1280 00ed 3B       		.uleb128 0x3b
 1281 00ee 0B       		.uleb128 0xb
 1282 00ef 27       		.uleb128 0x27
 1283 00f0 19       		.uleb128 0x19
 1284 00f1 11       		.uleb128 0x11
 1285 00f2 01       		.uleb128 0x1
 1286 00f3 12       		.uleb128 0x12
 1287 00f4 06       		.uleb128 0x6
 1288 00f5 40       		.uleb128 0x40
 1289 00f6 18       		.uleb128 0x18
 1290 00f7 9642     		.uleb128 0x2116
 1291 00f9 19       		.uleb128 0x19
 1292 00fa 01       		.uleb128 0x1
 1293 00fb 13       		.uleb128 0x13
 1294 00fc 00       		.byte	0
 1295 00fd 00       		.byte	0
 1296 00fe 14       		.uleb128 0x14
 1297 00ff 34       		.uleb128 0x34
 1298 0100 00       		.byte	0
 1299 0101 03       		.uleb128 0x3
 1300 0102 0E       		.uleb128 0xe
 1301 0103 3A       		.uleb128 0x3a
 1302 0104 0B       		.uleb128 0xb
 1303 0105 3B       		.uleb128 0x3b
 1304 0106 0B       		.uleb128 0xb
 1305 0107 49       		.uleb128 0x49
 1306 0108 13       		.uleb128 0x13
 1307 0109 02       		.uleb128 0x2
 1308 010a 18       		.uleb128 0x18
 1309 010b 00       		.byte	0
ARM GAS  c:\Tmp\ccbAUOeH.s 			page 24


 1310 010c 00       		.byte	0
 1311 010d 15       		.uleb128 0x15
 1312 010e 2E       		.uleb128 0x2e
 1313 010f 00       		.byte	0
 1314 0110 3F       		.uleb128 0x3f
 1315 0111 19       		.uleb128 0x19
 1316 0112 03       		.uleb128 0x3
 1317 0113 0E       		.uleb128 0xe
 1318 0114 3A       		.uleb128 0x3a
 1319 0115 0B       		.uleb128 0xb
 1320 0116 3B       		.uleb128 0x3b
 1321 0117 0B       		.uleb128 0xb
 1322 0118 27       		.uleb128 0x27
 1323 0119 19       		.uleb128 0x19
 1324 011a 11       		.uleb128 0x11
 1325 011b 01       		.uleb128 0x1
 1326 011c 12       		.uleb128 0x12
 1327 011d 06       		.uleb128 0x6
 1328 011e 40       		.uleb128 0x40
 1329 011f 18       		.uleb128 0x18
 1330 0120 9642     		.uleb128 0x2116
 1331 0122 19       		.uleb128 0x19
 1332 0123 00       		.byte	0
 1333 0124 00       		.byte	0
 1334 0125 16       		.uleb128 0x16
 1335 0126 34       		.uleb128 0x34
 1336 0127 00       		.byte	0
 1337 0128 03       		.uleb128 0x3
 1338 0129 0E       		.uleb128 0xe
 1339 012a 3A       		.uleb128 0x3a
 1340 012b 0B       		.uleb128 0xb
 1341 012c 3B       		.uleb128 0x3b
 1342 012d 05       		.uleb128 0x5
 1343 012e 49       		.uleb128 0x49
 1344 012f 13       		.uleb128 0x13
 1345 0130 3F       		.uleb128 0x3f
 1346 0131 19       		.uleb128 0x19
 1347 0132 3C       		.uleb128 0x3c
 1348 0133 19       		.uleb128 0x19
 1349 0134 00       		.byte	0
 1350 0135 00       		.byte	0
 1351 0136 17       		.uleb128 0x17
 1352 0137 34       		.uleb128 0x34
 1353 0138 00       		.byte	0
 1354 0139 03       		.uleb128 0x3
 1355 013a 0E       		.uleb128 0xe
 1356 013b 3A       		.uleb128 0x3a
 1357 013c 0B       		.uleb128 0xb
 1358 013d 3B       		.uleb128 0x3b
 1359 013e 0B       		.uleb128 0xb
 1360 013f 49       		.uleb128 0x49
 1361 0140 13       		.uleb128 0x13
 1362 0141 3F       		.uleb128 0x3f
 1363 0142 19       		.uleb128 0x19
 1364 0143 02       		.uleb128 0x2
 1365 0144 18       		.uleb128 0x18
 1366 0145 00       		.byte	0
ARM GAS  c:\Tmp\ccbAUOeH.s 			page 25


 1367 0146 00       		.byte	0
 1368 0147 00       		.byte	0
 1369              		.section	.debug_aranges,"",%progbits
 1370 0000 24000000 		.4byte	0x24
 1371 0004 0200     		.2byte	0x2
 1372 0006 00000000 		.4byte	.Ldebug_info0
 1373 000a 04       		.byte	0x4
 1374 000b 00       		.byte	0
 1375 000c 0000     		.2byte	0
 1376 000e 0000     		.2byte	0
 1377 0010 00000000 		.4byte	.LFB118
 1378 0014 BC000000 		.4byte	.LFE118-.LFB118
 1379 0018 00000000 		.4byte	.LFB119
 1380 001c 2C000000 		.4byte	.LFE119-.LFB119
 1381 0020 00000000 		.4byte	0
 1382 0024 00000000 		.4byte	0
 1383              		.section	.debug_ranges,"",%progbits
 1384              	.Ldebug_ranges0:
 1385 0000 00000000 		.4byte	.LFB118
 1386 0004 BC000000 		.4byte	.LFE118
 1387 0008 00000000 		.4byte	.LFB119
 1388 000c 2C000000 		.4byte	.LFE119
 1389 0010 00000000 		.4byte	0
 1390 0014 00000000 		.4byte	0
 1391              		.section	.debug_line,"",%progbits
 1392              	.Ldebug_line0:
 1393 0000 AB010000 		.section	.debug_str,"MS",%progbits,1
 1393      02006901 
 1393      00000201 
 1393      FB0E0D00 
 1393      01010101 
 1394              	.LASF151:
 1395 0000 50555044 		.ascii	"PUPDR\000"
 1395      5200
 1396              	.LASF153:
 1397 0006 4C434B52 		.ascii	"LCKR\000"
 1397      00
 1398              	.LASF46:
 1399 000b 43414E31 		.ascii	"CAN1_RX0_IRQn\000"
 1399      5F525830 
 1399      5F495251 
 1399      6E00
 1400              	.LASF27:
 1401 0019 5056445F 		.ascii	"PVD_IRQn\000"
 1401      4952516E 
 1401      00
 1402              	.LASF90:
 1403 0022 43414E32 		.ascii	"CAN2_RX0_IRQn\000"
 1403      5F525830 
 1403      5F495251 
 1403      6E00
 1404              	.LASF47:
 1405 0030 43414E31 		.ascii	"CAN1_RX1_IRQn\000"
 1405      5F525831 
 1405      5F495251 
 1405      6E00
 1406              	.LASF99:
ARM GAS  c:\Tmp\ccbAUOeH.s 			page 26


 1407 003e 49324333 		.ascii	"I2C3_ER_IRQn\000"
 1407      5F45525F 
 1407      4952516E 
 1407      00
 1408              	.LASF57:
 1409 004b 49324331 		.ascii	"I2C1_EV_IRQn\000"
 1409      5F45565F 
 1409      4952516E 
 1409      00
 1410              	.LASF149:
 1411 0058 4F545950 		.ascii	"OTYPER\000"
 1411      455200
 1412              	.LASF94:
 1413 005f 444D4132 		.ascii	"DMA2_Stream5_IRQn\000"
 1413      5F537472 
 1413      65616D35 
 1413      5F495251 
 1413      6E00
 1414              	.LASF110:
 1415 0071 53574945 		.ascii	"SWIER\000"
 1415      5200
 1416              	.LASF112:
 1417 0077 4D454D52 		.ascii	"MEMRMP\000"
 1417      4D5000
 1418              	.LASF148:
 1419 007e 4D4F4445 		.ascii	"MODER\000"
 1419      5200
 1420              	.LASF11:
 1421 0084 6C6F6E67 		.ascii	"long long unsigned int\000"
 1421      206C6F6E 
 1421      6720756E 
 1421      7369676E 
 1421      65642069 
 1422              	.LASF67:
 1423 009b 5254435F 		.ascii	"RTC_Alarm_IRQn\000"
 1423      416C6172 
 1423      6D5F4952 
 1423      516E00
 1424              	.LASF60:
 1425 00aa 49324332 		.ascii	"I2C2_ER_IRQn\000"
 1425      5F45525F 
 1425      4952516E 
 1425      00
 1426              	.LASF160:
 1427 00b7 696E742E 		.ascii	"int.c\000"
 1427      6300
 1428              	.LASF56:
 1429 00bd 54494D34 		.ascii	"TIM4_IRQn\000"
 1429      5F495251 
 1429      6E00
 1430              	.LASF29:
 1431 00c7 5254435F 		.ascii	"RTC_WKUP_IRQn\000"
 1431      574B5550 
 1431      5F495251 
 1431      6E00
 1432              	.LASF26:
 1433 00d5 57574447 		.ascii	"WWDG_IRQn\000"
ARM GAS  c:\Tmp\ccbAUOeH.s 			page 27


 1433      5F495251 
 1433      6E00
 1434              	.LASF75:
 1435 00df 5344494F 		.ascii	"SDIO_IRQn\000"
 1435      5F495251 
 1435      6E00
 1436              	.LASF133:
 1437 00e9 41484231 		.ascii	"AHB1LPENR\000"
 1437      4C50454E 
 1437      5200
 1438              	.LASF72:
 1439 00f3 54494D38 		.ascii	"TIM8_CC_IRQn\000"
 1439      5F43435F 
 1439      4952516E 
 1439      00
 1440              	.LASF145:
 1441 0100 44434B43 		.ascii	"DCKCFGR\000"
 1441      46475200 
 1442              	.LASF10:
 1443 0108 6C6F6E67 		.ascii	"long long int\000"
 1443      206C6F6E 
 1443      6720696E 
 1443      7400
 1444              	.LASF1:
 1445 0116 7369676E 		.ascii	"signed char\000"
 1445      65642063 
 1445      68617200 
 1446              	.LASF91:
 1447 0122 43414E32 		.ascii	"CAN2_RX1_IRQn\000"
 1447      5F525831 
 1447      5F495251 
 1447      6E00
 1448              	.LASF152:
 1449 0130 42535252 		.ascii	"BSRR\000"
 1449      00
 1450              	.LASF119:
 1451 0135 41484231 		.ascii	"AHB1RSTR\000"
 1451      52535452 
 1451      00
 1452              	.LASF95:
 1453 013e 444D4132 		.ascii	"DMA2_Stream6_IRQn\000"
 1453      5F537472 
 1453      65616D36 
 1453      5F495251 
 1453      6E00
 1454              	.LASF7:
 1455 0150 6C6F6E67 		.ascii	"long int\000"
 1455      20696E74 
 1455      00
 1456              	.LASF158:
 1457 0159 73776974 		.ascii	"switchFlag\000"
 1457      6368466C 
 1457      616700
 1458              	.LASF124:
 1459 0164 41504232 		.ascii	"APB2RSTR\000"
 1459      52535452 
 1459      00
ARM GAS  c:\Tmp\ccbAUOeH.s 			page 28


 1460              	.LASF137:
 1461 016d 41504231 		.ascii	"APB1LPENR\000"
 1461      4C50454E 
 1461      5200
 1462              	.LASF42:
 1463 0177 444D4131 		.ascii	"DMA1_Stream5_IRQn\000"
 1463      5F537472 
 1463      65616D35 
 1463      5F495251 
 1463      6E00
 1464              	.LASF49:
 1465 0189 45585449 		.ascii	"EXTI9_5_IRQn\000"
 1465      395F355F 
 1465      4952516E 
 1465      00
 1466              	.LASF163:
 1467 0196 696E7465 		.ascii	"interruptTest\000"
 1467      72727570 
 1467      74546573 
 1467      7400
 1468              	.LASF88:
 1469 01a4 4554485F 		.ascii	"ETH_WKUP_IRQn\000"
 1469      574B5550 
 1469      5F495251 
 1469      6E00
 1470              	.LASF80:
 1471 01b2 54494D36 		.ascii	"TIM6_DAC_IRQn\000"
 1471      5F444143 
 1471      5F495251 
 1471      6E00
 1472              	.LASF117:
 1473 01c0 504C4C43 		.ascii	"PLLCFGR\000"
 1473      46475200 
 1474              	.LASF78:
 1475 01c8 55415254 		.ascii	"UART4_IRQn\000"
 1475      345F4952 
 1475      516E00
 1476              	.LASF68:
 1477 01d3 4F54475F 		.ascii	"OTG_FS_WKUP_IRQn\000"
 1477      46535F57 
 1477      4B55505F 
 1477      4952516E 
 1477      00
 1478              	.LASF24:
 1479 01e4 50656E64 		.ascii	"PendSV_IRQn\000"
 1479      53565F49 
 1479      52516E00 
 1480              	.LASF70:
 1481 01f0 54494D38 		.ascii	"TIM8_UP_TIM13_IRQn\000"
 1481      5F55505F 
 1481      54494D31 
 1481      335F4952 
 1481      516E00
 1482              	.LASF150:
 1483 0203 4F535045 		.ascii	"OSPEEDR\000"
 1483      45445200 
 1484              	.LASF8:
ARM GAS  c:\Tmp\ccbAUOeH.s 			page 29


 1485 020b 5F5F7569 		.ascii	"__uint32_t\000"
 1485      6E743332 
 1485      5F7400
 1486              	.LASF20:
 1487 0216 42757346 		.ascii	"BusFault_IRQn\000"
 1487      61756C74 
 1487      5F495251 
 1487      6E00
 1488              	.LASF96:
 1489 0224 444D4132 		.ascii	"DMA2_Stream7_IRQn\000"
 1489      5F537472 
 1489      65616D37 
 1489      5F495251 
 1489      6E00
 1490              	.LASF0:
 1491 0236 756E7369 		.ascii	"unsigned int\000"
 1491      676E6564 
 1491      20696E74 
 1491      00
 1492              	.LASF40:
 1493 0243 444D4131 		.ascii	"DMA1_Stream3_IRQn\000"
 1493      5F537472 
 1493      65616D33 
 1493      5F495251 
 1493      6E00
 1494              	.LASF12:
 1495 0255 75696E74 		.ascii	"uint16_t\000"
 1495      31365F74 
 1495      00
 1496              	.LASF43:
 1497 025e 444D4131 		.ascii	"DMA1_Stream6_IRQn\000"
 1497      5F537472 
 1497      65616D36 
 1497      5F495251 
 1497      6E00
 1498              	.LASF108:
 1499 0270 52545352 		.ascii	"RTSR\000"
 1499      00
 1500              	.LASF19:
 1501 0275 4D656D6F 		.ascii	"MemoryManagement_IRQn\000"
 1501      72794D61 
 1501      6E616765 
 1501      6D656E74 
 1501      5F495251 
 1502              	.LASF98:
 1503 028b 49324333 		.ascii	"I2C3_EV_IRQn\000"
 1503      5F45565F 
 1503      4952516E 
 1503      00
 1504              	.LASF9:
 1505 0298 6C6F6E67 		.ascii	"long unsigned int\000"
 1505      20756E73 
 1505      69676E65 
 1505      6420696E 
 1505      7400
 1506              	.LASF156:
 1507 02aa 4750494F 		.ascii	"GPIO_TypeDef\000"
ARM GAS  c:\Tmp\ccbAUOeH.s 			page 30


 1507      5F547970 
 1507      65446566 
 1507      00
 1508              	.LASF146:
 1509 02b7 5243435F 		.ascii	"RCC_TypeDef\000"
 1509      54797065 
 1509      44656600 
 1510              	.LASF100:
 1511 02c3 4F54475F 		.ascii	"OTG_HS_EP1_OUT_IRQn\000"
 1511      48535F45 
 1511      50315F4F 
 1511      55545F49 
 1511      52516E00 
 1512              	.LASF22:
 1513 02d7 53564361 		.ascii	"SVCall_IRQn\000"
 1513      6C6C5F49 
 1513      52516E00 
 1514              	.LASF4:
 1515 02e3 73686F72 		.ascii	"short unsigned int\000"
 1515      7420756E 
 1515      7369676E 
 1515      65642069 
 1515      6E7400
 1516              	.LASF84:
 1517 02f6 444D4132 		.ascii	"DMA2_Stream2_IRQn\000"
 1517      5F537472 
 1517      65616D32 
 1517      5F495251 
 1517      6E00
 1518              	.LASF143:
 1519 0308 504C4C49 		.ascii	"PLLI2SCFGR\000"
 1519      32534346 
 1519      475200
 1520              	.LASF45:
 1521 0313 43414E31 		.ascii	"CAN1_TX_IRQn\000"
 1521      5F54585F 
 1521      4952516E 
 1521      00
 1522              	.LASF121:
 1523 0320 41484233 		.ascii	"AHB3RSTR\000"
 1523      52535452 
 1523      00
 1524              	.LASF66:
 1525 0329 45585449 		.ascii	"EXTI15_10_IRQn\000"
 1525      31355F31 
 1525      305F4952 
 1525      516E00
 1526              	.LASF61:
 1527 0338 53504931 		.ascii	"SPI1_IRQn\000"
 1527      5F495251 
 1527      6E00
 1528              	.LASF38:
 1529 0342 444D4131 		.ascii	"DMA1_Stream1_IRQn\000"
 1529      5F537472 
 1529      65616D31 
 1529      5F495251 
 1529      6E00
ARM GAS  c:\Tmp\ccbAUOeH.s 			page 31


 1530              	.LASF127:
 1531 0354 41484232 		.ascii	"AHB2ENR\000"
 1531      454E5200 
 1532              	.LASF138:
 1533 035c 41504232 		.ascii	"APB2LPENR\000"
 1533      4C50454E 
 1533      5200
 1534              	.LASF69:
 1535 0366 54494D38 		.ascii	"TIM8_BRK_TIM12_IRQn\000"
 1535      5F42524B 
 1535      5F54494D 
 1535      31325F49 
 1535      52516E00 
 1536              	.LASF25:
 1537 037a 53797354 		.ascii	"SysTick_IRQn\000"
 1537      69636B5F 
 1537      4952516E 
 1537      00
 1538              	.LASF53:
 1539 0387 54494D31 		.ascii	"TIM1_CC_IRQn\000"
 1539      5F43435F 
 1539      4952516E 
 1539      00
 1540              	.LASF71:
 1541 0394 54494D38 		.ascii	"TIM8_TRG_COM_TIM14_IRQn\000"
 1541      5F545247 
 1541      5F434F4D 
 1541      5F54494D 
 1541      31345F49 
 1542              	.LASF165:
 1543 03ac 56656374 		.ascii	"Vector58\000"
 1543      6F723538 
 1543      00
 1544              	.LASF162:
 1545 03b5 4952516E 		.ascii	"IRQn\000"
 1545      00
 1546              	.LASF16:
 1547 03ba 73697A65 		.ascii	"sizetype\000"
 1547      74797065 
 1547      00
 1548              	.LASF87:
 1549 03c3 4554485F 		.ascii	"ETH_IRQn\000"
 1549      4952516E 
 1549      00
 1550              	.LASF51:
 1551 03cc 54494D31 		.ascii	"TIM1_UP_TIM10_IRQn\000"
 1551      5F55505F 
 1551      54494D31 
 1551      305F4952 
 1551      516E00
 1552              	.LASF147:
 1553 03df 636C6561 		.ascii	"clear\000"
 1553      7200
 1554              	.LASF85:
 1555 03e5 444D4132 		.ascii	"DMA2_Stream3_IRQn\000"
 1555      5F537472 
 1555      65616D33 
ARM GAS  c:\Tmp\ccbAUOeH.s 			page 32


 1555      5F495251 
 1555      6E00
 1556              	.LASF59:
 1557 03f7 49324332 		.ascii	"I2C2_EV_IRQn\000"
 1557      5F45565F 
 1557      4952516E 
 1557      00
 1558              	.LASF41:
 1559 0404 444D4131 		.ascii	"DMA1_Stream4_IRQn\000"
 1559      5F537472 
 1559      65616D34 
 1559      5F495251 
 1559      6E00
 1560              	.LASF97:
 1561 0416 55534152 		.ascii	"USART6_IRQn\000"
 1561      54365F49 
 1561      52516E00 
 1562              	.LASF159:
 1563 0422 474E5520 		.ascii	"GNU C 4.8.3 20140228 (release) [ARM/embedded-4_8-br"
 1563      4320342E 
 1563      382E3320 
 1563      32303134 
 1563      30323238 
 1564 0455 616E6368 		.ascii	"anch revision 208322] -mcpu=cortex-m4 -mfloat-abi=h"
 1564      20726576 
 1564      6973696F 
 1564      6E203230 
 1564      38333232 
 1565 0488 61726420 		.ascii	"ard -mfpu=fpv4-sp-d16 -mno-thumb-interwork -mthumb "
 1565      2D6D6670 
 1565      753D6670 
 1565      76342D73 
 1565      702D6431 
 1566 04bb 2D676764 		.ascii	"-ggdb -O0 -fomit-frame-pointer -falign-functions=16"
 1566      62202D4F 
 1566      30202D66 
 1566      6F6D6974 
 1566      2D667261 
 1567 04ee 202D6673 		.ascii	" -fsingle-precision-constant -ffunction-sections -f"
 1567      696E676C 
 1567      652D7072 
 1567      65636973 
 1567      696F6E2D 
 1568 0521 64617461 		.ascii	"data-sections -fno-common\000"
 1568      2D736563 
 1568      74696F6E 
 1568      73202D66 
 1568      6E6F2D63 
 1569              	.LASF76:
 1570 053b 54494D35 		.ascii	"TIM5_IRQn\000"
 1570      5F495251 
 1570      6E00
 1571              	.LASF35:
 1572 0545 45585449 		.ascii	"EXTI3_IRQn\000"
 1572      335F4952 
 1572      516E00
 1573              	.LASF62:
ARM GAS  c:\Tmp\ccbAUOeH.s 			page 33


 1574 0550 53504932 		.ascii	"SPI2_IRQn\000"
 1574      5F495251 
 1574      6E00
 1575              	.LASF39:
 1576 055a 444D4131 		.ascii	"DMA1_Stream2_IRQn\000"
 1576      5F537472 
 1576      65616D32 
 1576      5F495251 
 1576      6E00
 1577              	.LASF89:
 1578 056c 43414E32 		.ascii	"CAN2_TX_IRQn\000"
 1578      5F54585F 
 1578      4952516E 
 1578      00
 1579              	.LASF134:
 1580 0579 41484232 		.ascii	"AHB2LPENR\000"
 1580      4C50454E 
 1580      5200
 1581              	.LASF123:
 1582 0583 41504231 		.ascii	"APB1RSTR\000"
 1582      52535452 
 1582      00
 1583              	.LASF103:
 1584 058c 4F54475F 		.ascii	"OTG_HS_IRQn\000"
 1584      48535F49 
 1584      52516E00 
 1585              	.LASF115:
 1586 0598 434D5043 		.ascii	"CMPCR\000"
 1586      5200
 1587              	.LASF155:
 1588 059e 41465248 		.ascii	"AFRH\000"
 1588      00
 1589              	.LASF154:
 1590 05a3 4146524C 		.ascii	"AFRL\000"
 1590      00
 1591              	.LASF144:
 1592 05a8 504C4C53 		.ascii	"PLLSAICFGR\000"
 1592      41494346 
 1592      475200
 1593              	.LASF116:
 1594 05b3 53595343 		.ascii	"SYSCFG_TypeDef\000"
 1594      46475F54 
 1594      79706544 
 1594      656600
 1595              	.LASF122:
 1596 05c2 52455345 		.ascii	"RESERVED0\000"
 1596      52564544 
 1596      3000
 1597              	.LASF125:
 1598 05cc 52455345 		.ascii	"RESERVED1\000"
 1598      52564544 
 1598      3100
 1599              	.LASF129:
 1600 05d6 52455345 		.ascii	"RESERVED2\000"
 1600      52564544 
 1600      3200
 1601              	.LASF132:
ARM GAS  c:\Tmp\ccbAUOeH.s 			page 34


 1602 05e0 52455345 		.ascii	"RESERVED3\000"
 1602      52564544 
 1602      3300
 1603              	.LASF136:
 1604 05ea 52455345 		.ascii	"RESERVED4\000"
 1604      52564544 
 1604      3400
 1605              	.LASF139:
 1606 05f4 52455345 		.ascii	"RESERVED5\000"
 1606      52564544 
 1606      3500
 1607              	.LASF141:
 1608 05fe 52455345 		.ascii	"RESERVED6\000"
 1608      52564544 
 1608      3600
 1609              	.LASF77:
 1610 0608 53504933 		.ascii	"SPI3_IRQn\000"
 1610      5F495251 
 1610      6E00
 1611              	.LASF86:
 1612 0612 444D4132 		.ascii	"DMA2_Stream4_IRQn\000"
 1612      5F537472 
 1612      65616D34 
 1612      5F495251 
 1612      6E00
 1613              	.LASF74:
 1614 0624 46534D43 		.ascii	"FSMC_IRQn\000"
 1614      5F495251 
 1614      6E00
 1615              	.LASF15:
 1616 062e 5F426F6F 		.ascii	"_Bool\000"
 1616      6C00
 1617              	.LASF13:
 1618 0634 696E7433 		.ascii	"int32_t\000"
 1618      325F7400 
 1619              	.LASF2:
 1620 063c 756E7369 		.ascii	"unsigned char\000"
 1620      676E6564 
 1620      20636861 
 1620      7200
 1621              	.LASF50:
 1622 064a 54494D31 		.ascii	"TIM1_BRK_TIM9_IRQn\000"
 1622      5F42524B 
 1622      5F54494D 
 1622      395F4952 
 1622      516E00
 1623              	.LASF157:
 1624 065d 49544D5F 		.ascii	"ITM_RxBuffer\000"
 1624      52784275 
 1624      66666572 
 1624      00
 1625              	.LASF109:
 1626 066a 46545352 		.ascii	"FTSR\000"
 1626      00
 1627              	.LASF36:
 1628 066f 45585449 		.ascii	"EXTI4_IRQn\000"
 1628      345F4952 
ARM GAS  c:\Tmp\ccbAUOeH.s 			page 35


 1628      516E00
 1629              	.LASF106:
 1630 067a 48415348 		.ascii	"HASH_RNG_IRQn\000"
 1630      5F524E47 
 1630      5F495251 
 1630      6E00
 1631              	.LASF3:
 1632 0688 73686F72 		.ascii	"short int\000"
 1632      7420696E 
 1632      7400
 1633              	.LASF135:
 1634 0692 41484233 		.ascii	"AHB3LPENR\000"
 1634      4C50454E 
 1634      5200
 1635              	.LASF79:
 1636 069c 55415254 		.ascii	"UART5_IRQn\000"
 1636      355F4952 
 1636      516E00
 1637              	.LASF52:
 1638 06a7 54494D31 		.ascii	"TIM1_TRG_COM_TIM11_IRQn\000"
 1638      5F545247 
 1638      5F434F4D 
 1638      5F54494D 
 1638      31315F49 
 1639              	.LASF34:
 1640 06bf 45585449 		.ascii	"EXTI2_IRQn\000"
 1640      325F4952 
 1640      516E00
 1641              	.LASF131:
 1642 06ca 41504232 		.ascii	"APB2ENR\000"
 1642      454E5200 
 1643              	.LASF128:
 1644 06d2 41484233 		.ascii	"AHB3ENR\000"
 1644      454E5200 
 1645              	.LASF161:
 1646 06da 4C3A5C53 		.ascii	"L:\\STM32\\Practica\000"
 1646      544D3332 
 1646      5C507261 
 1646      63746963 
 1646      6100
 1647              	.LASF30:
 1648 06ec 464C4153 		.ascii	"FLASH_IRQn\000"
 1648      485F4952 
 1648      516E00
 1649              	.LASF164:
 1650 06f7 73747269 		.ascii	"string\000"
 1650      6E6700
 1651              	.LASF93:
 1652 06fe 4F54475F 		.ascii	"OTG_FS_IRQn\000"
 1652      46535F49 
 1652      52516E00 
 1653              	.LASF14:
 1654 070a 75696E74 		.ascii	"uint32_t\000"
 1654      33325F74 
 1654      00
 1655              	.LASF64:
 1656 0713 55534152 		.ascii	"USART2_IRQn\000"
ARM GAS  c:\Tmp\ccbAUOeH.s 			page 36


 1656      54325F49 
 1656      52516E00 
 1657              	.LASF21:
 1658 071f 55736167 		.ascii	"UsageFault_IRQn\000"
 1658      65466175 
 1658      6C745F49 
 1658      52516E00 
 1659              	.LASF73:
 1660 072f 444D4131 		.ascii	"DMA1_Stream7_IRQn\000"
 1660      5F537472 
 1660      65616D37 
 1660      5F495251 
 1660      6E00
 1661              	.LASF17:
 1662 0741 63686172 		.ascii	"char\000"
 1662      00
 1663              	.LASF105:
 1664 0746 43525950 		.ascii	"CRYP_IRQn\000"
 1664      5F495251 
 1664      6E00
 1665              	.LASF5:
 1666 0750 5F5F7569 		.ascii	"__uint16_t\000"
 1666      6E743136 
 1666      5F7400
 1667              	.LASF120:
 1668 075b 41484232 		.ascii	"AHB2RSTR\000"
 1668      52535452 
 1668      00
 1669              	.LASF81:
 1670 0764 54494D37 		.ascii	"TIM7_IRQn\000"
 1670      5F495251 
 1670      6E00
 1671              	.LASF101:
 1672 076e 4F54475F 		.ascii	"OTG_HS_EP1_IN_IRQn\000"
 1672      48535F45 
 1672      50315F49 
 1672      4E5F4952 
 1672      516E00
 1673              	.LASF114:
 1674 0781 52455345 		.ascii	"RESERVED\000"
 1674      52564544 
 1674      00
 1675              	.LASF18:
 1676 078a 4E6F6E4D 		.ascii	"NonMaskableInt_IRQn\000"
 1676      61736B61 
 1676      626C6549 
 1676      6E745F49 
 1676      52516E00 
 1677              	.LASF6:
 1678 079e 5F5F696E 		.ascii	"__int32_t\000"
 1678      7433325F 
 1678      7400
 1679              	.LASF130:
 1680 07a8 41504231 		.ascii	"APB1ENR\000"
 1680      454E5200 
 1681              	.LASF58:
 1682 07b0 49324331 		.ascii	"I2C1_ER_IRQn\000"
ARM GAS  c:\Tmp\ccbAUOeH.s 			page 37


 1682      5F45525F 
 1682      4952516E 
 1682      00
 1683              	.LASF28:
 1684 07bd 54414D50 		.ascii	"TAMP_STAMP_IRQn\000"
 1684      5F535441 
 1684      4D505F49 
 1684      52516E00 
 1685              	.LASF23:
 1686 07cd 44656275 		.ascii	"DebugMonitor_IRQn\000"
 1686      674D6F6E 
 1686      69746F72 
 1686      5F495251 
 1686      6E00
 1687              	.LASF82:
 1688 07df 444D4132 		.ascii	"DMA2_Stream0_IRQn\000"
 1688      5F537472 
 1688      65616D30 
 1688      5F495251 
 1688      6E00
 1689              	.LASF65:
 1690 07f1 55534152 		.ascii	"USART3_IRQn\000"
 1690      54335F49 
 1690      52516E00 
 1691              	.LASF142:
 1692 07fd 53534347 		.ascii	"SSCGR\000"
 1692      5200
 1693              	.LASF54:
 1694 0803 54494D32 		.ascii	"TIM2_IRQn\000"
 1694      5F495251 
 1694      6E00
 1695              	.LASF32:
 1696 080d 45585449 		.ascii	"EXTI0_IRQn\000"
 1696      305F4952 
 1696      516E00
 1697              	.LASF63:
 1698 0818 55534152 		.ascii	"USART1_IRQn\000"
 1698      54315F49 
 1698      52516E00 
 1699              	.LASF140:
 1700 0824 42444352 		.ascii	"BDCR\000"
 1700      00
 1701              	.LASF104:
 1702 0829 44434D49 		.ascii	"DCMI_IRQn\000"
 1702      5F495251 
 1702      6E00
 1703              	.LASF126:
 1704 0833 41484231 		.ascii	"AHB1ENR\000"
 1704      454E5200 
 1705              	.LASF107:
 1706 083b 4650555F 		.ascii	"FPU_IRQn\000"
 1706      4952516E 
 1706      00
 1707              	.LASF118:
 1708 0844 43464752 		.ascii	"CFGR\000"
 1708      00
 1709              	.LASF111:
ARM GAS  c:\Tmp\ccbAUOeH.s 			page 38


 1710 0849 45585449 		.ascii	"EXTI_TypeDef\000"
 1710      5F547970 
 1710      65446566 
 1710      00
 1711              	.LASF44:
 1712 0856 4144435F 		.ascii	"ADC_IRQn\000"
 1712      4952516E 
 1712      00
 1713              	.LASF83:
 1714 085f 444D4132 		.ascii	"DMA2_Stream1_IRQn\000"
 1714      5F537472 
 1714      65616D31 
 1714      5F495251 
 1714      6E00
 1715              	.LASF48:
 1716 0871 43414E31 		.ascii	"CAN1_SCE_IRQn\000"
 1716      5F534345 
 1716      5F495251 
 1716      6E00
 1717              	.LASF92:
 1718 087f 43414E32 		.ascii	"CAN2_SCE_IRQn\000"
 1718      5F534345 
 1718      5F495251 
 1718      6E00
 1719              	.LASF31:
 1720 088d 5243435F 		.ascii	"RCC_IRQn\000"
 1720      4952516E 
 1720      00
 1721              	.LASF102:
 1722 0896 4F54475F 		.ascii	"OTG_HS_WKUP_IRQn\000"
 1722      48535F57 
 1722      4B55505F 
 1722      4952516E 
 1722      00
 1723              	.LASF55:
 1724 08a7 54494D33 		.ascii	"TIM3_IRQn\000"
 1724      5F495251 
 1724      6E00
 1725              	.LASF113:
 1726 08b1 45585449 		.ascii	"EXTICR\000"
 1726      435200
 1727              	.LASF33:
 1728 08b8 45585449 		.ascii	"EXTI1_IRQn\000"
 1728      315F4952 
 1728      516E00
 1729              	.LASF37:
 1730 08c3 444D4131 		.ascii	"DMA1_Stream0_IRQn\000"
 1730      5F537472 
 1730      65616D30 
 1730      5F495251 
 1730      6E00
 1731              		.ident	"GCC: (GNU Tools for ARM Embedded Processors) 4.8.3 20140228 (release) [ARM/embedded-4_8-br
ARM GAS  c:\Tmp\ccbAUOeH.s 			page 39


DEFINED SYMBOLS
                            *ABS*:00000000 int.c
   c:\Tmp\ccbAUOeH.s:25     .bss.switchFlag:00000000 switchFlag
   c:\Tmp\ccbAUOeH.s:22     .bss.switchFlag:00000000 $d
   c:\Tmp\ccbAUOeH.s:28     .rodata:00000000 $d
   c:\Tmp\ccbAUOeH.s:35     .text.interruptTest:00000000 $t
   c:\Tmp\ccbAUOeH.s:41     .text.interruptTest:00000000 interruptTest
   c:\Tmp\ccbAUOeH.s:141    .text.interruptTest:000000a4 $d
   c:\Tmp\ccbAUOeH.s:151    .text.Vector58:00000000 $t
   c:\Tmp\ccbAUOeH.s:157    .text.Vector58:00000000 Vector58
   c:\Tmp\ccbAUOeH.s:188    .text.Vector58:00000020 $d
                     .debug_frame:00000010 $d
   c:\Tmp\ccbAUOeH.s:150    .text.interruptTest:000000bc $t
   c:\Tmp\ccbAUOeH.s:194    .text.Vector58:0000002c $t

UNDEFINED SYMBOLS
nvicEnableVector
LCD_GotoXY
LCD_SendString
readAccel
itoa
_port_irq_epilogue
